<?xml version="1.0" encoding="UTF-8"?>
<<<<<<< HEAD
<<<<<<< HEAD
<testsuite name="CSCI5308.GroupFormationTool.GroupFormationToolApplicationTests" tests="1" skipped="0" failures="0" errors="0" timestamp="2020-07-07T17:16:50" hostname="Prabhjots-MacBook-Pro.local" time="0.007">
  <properties/>
  <testcase name="contextLoads()" classname="CSCI5308.GroupFormationTool.GroupFormationToolApplicationTests" time="0.007"/>
  <system-out><![CDATA[14:16:48.287 [Test worker] DEBUG org.springframework.test.context.BootstrapUtils - Instantiating CacheAwareContextLoaderDelegate from class [org.springframework.test.context.cache.DefaultCacheAwareContextLoaderDelegate]
14:16:48.295 [Test worker] DEBUG org.springframework.test.context.BootstrapUtils - Instantiating BootstrapContext using constructor [public org.springframework.test.context.support.DefaultBootstrapContext(java.lang.Class,org.springframework.test.context.CacheAwareContextLoaderDelegate)]
14:16:48.319 [Test worker] DEBUG org.springframework.test.context.BootstrapUtils - Instantiating TestContextBootstrapper for test class [CSCI5308.GroupFormationTool.GroupFormationToolApplicationTests] from class [org.springframework.boot.test.context.SpringBootTestContextBootstrapper]
14:16:48.333 [Test worker] INFO org.springframework.boot.test.context.SpringBootTestContextBootstrapper - Neither @ContextConfiguration nor @ContextHierarchy found for test class [CSCI5308.GroupFormationTool.GroupFormationToolApplicationTests], using SpringBootContextLoader
14:16:48.334 [Test worker] DEBUG org.springframework.test.context.support.AbstractContextLoader - Did not detect default resource location for test class [CSCI5308.GroupFormationTool.GroupFormationToolApplicationTests]: class path resource [CSCI5308/GroupFormationTool/GroupFormationToolApplicationTests-context.xml] does not exist
14:16:48.334 [Test worker] DEBUG org.springframework.test.context.support.AbstractContextLoader - Did not detect default resource location for test class [CSCI5308.GroupFormationTool.GroupFormationToolApplicationTests]: class path resource [CSCI5308/GroupFormationTool/GroupFormationToolApplicationTestsContext.groovy] does not exist
14:16:48.334 [Test worker] INFO org.springframework.test.context.support.AbstractContextLoader - Could not detect default resource locations for test class [CSCI5308.GroupFormationTool.GroupFormationToolApplicationTests]: no resource found for suffixes {-context.xml, Context.groovy}.
14:16:48.335 [Test worker] INFO org.springframework.test.context.support.AnnotationConfigContextLoaderUtils - Could not detect default configuration classes for test class [CSCI5308.GroupFormationTool.GroupFormationToolApplicationTests]: GroupFormationToolApplicationTests does not declare any static, non-private, non-final, nested classes annotated with @Configuration.
14:16:48.369 [Test worker] DEBUG org.springframework.test.context.support.ActiveProfilesUtils - Could not find an 'annotation declaring class' for annotation type [org.springframework.test.context.ActiveProfiles] and class [CSCI5308.GroupFormationTool.GroupFormationToolApplicationTests]
14:16:48.420 [Test worker] DEBUG org.springframework.context.annotation.ClassPathScanningCandidateComponentProvider - Identified candidate component class: file [/Users/prabhjotkaur/git/group22/build/classes/java/main/CSCI5308/GroupFormationTool/GroupFormationToolApplication.class]
14:16:48.421 [Test worker] INFO org.springframework.boot.test.context.SpringBootTestContextBootstrapper - Found @SpringBootConfiguration CSCI5308.GroupFormationTool.GroupFormationToolApplication for test class CSCI5308.GroupFormationTool.GroupFormationToolApplicationTests
14:16:48.488 [Test worker] DEBUG org.springframework.boot.test.context.SpringBootTestContextBootstrapper - @TestExecutionListeners is not present for class [CSCI5308.GroupFormationTool.GroupFormationToolApplicationTests]: using defaults.
14:16:48.488 [Test worker] INFO org.springframework.boot.test.context.SpringBootTestContextBootstrapper - Loaded default TestExecutionListener class names from location [META-INF/spring.factories]: [org.springframework.security.test.context.support.WithSecurityContextTestExecutionListener, org.springframework.security.test.context.support.ReactorContextTestExecutionListener, org.springframework.boot.test.autoconfigure.restdocs.RestDocsTestExecutionListener, org.springframework.boot.test.autoconfigure.web.client.MockRestServiceServerResetTestExecutionListener, org.springframework.boot.test.autoconfigure.web.servlet.MockMvcPrintOnlyOnFailureTestExecutionListener, org.springframework.boot.test.autoconfigure.web.servlet.WebDriverTestExecutionListener, org.springframework.boot.test.mock.mockito.MockitoTestExecutionListener, org.springframework.boot.test.mock.mockito.ResetMocksTestExecutionListener, org.springframework.test.context.web.ServletTestExecutionListener, org.springframework.test.context.support.DirtiesContextBeforeModesTestExecutionListener, org.springframework.test.context.support.DependencyInjectionTestExecutionListener, org.springframework.test.context.support.DirtiesContextTestExecutionListener, org.springframework.test.context.transaction.TransactionalTestExecutionListener, org.springframework.test.context.jdbc.SqlScriptsTestExecutionListener, org.springframework.test.context.event.EventPublishingTestExecutionListener]
14:16:48.499 [Test worker] DEBUG org.springframework.boot.test.context.SpringBootTestContextBootstrapper - Skipping candidate TestExecutionListener [org.springframework.test.context.transaction.TransactionalTestExecutionListener] due to a missing dependency. Specify custom listener classes or make the default listener classes and their required dependencies available. Offending class: [org/springframework/transaction/interceptor/TransactionAttributeSource]
14:16:48.500 [Test worker] DEBUG org.springframework.boot.test.context.SpringBootTestContextBootstrapper - Skipping candidate TestExecutionListener [org.springframework.test.context.jdbc.SqlScriptsTestExecutionListener] due to a missing dependency. Specify custom listener classes or make the default listener classes and their required dependencies available. Offending class: [org/springframework/transaction/interceptor/TransactionAttribute]
14:16:48.500 [Test worker] INFO org.springframework.boot.test.context.SpringBootTestContextBootstrapper - Using TestExecutionListeners: [org.springframework.test.context.web.ServletTestExecutionListener@72e3ee8b, org.springframework.test.context.support.DirtiesContextBeforeModesTestExecutionListener@2b4ed07a, org.springframework.boot.test.mock.mockito.MockitoTestExecutionListener@6923e83d, org.springframework.boot.test.autoconfigure.SpringBootDependencyInjectionTestExecutionListener@4020adcd, org.springframework.test.context.support.DirtiesContextTestExecutionListener@2dda84f4, org.springframework.security.test.context.support.WithSecurityContextTestExecutionListener@70ca4c35, org.springframework.test.context.event.EventPublishingTestExecutionListener@6de3011, org.springframework.security.test.context.support.ReactorContextTestExecutionListener@43d5abc2, org.springframework.boot.test.autoconfigure.restdocs.RestDocsTestExecutionListener@3ad16a68, org.springframework.boot.test.autoconfigure.web.client.MockRestServiceServerResetTestExecutionListener@18d822e3, org.springframework.boot.test.autoconfigure.web.servlet.MockMvcPrintOnlyOnFailureTestExecutionListener@6ff1d751, org.springframework.boot.test.autoconfigure.web.servlet.WebDriverTestExecutionListener@114fad6, org.springframework.boot.test.mock.mockito.ResetMocksTestExecutionListener@302742b6]
14:16:48.502 [Test worker] DEBUG org.springframework.test.context.support.AbstractDirtiesContextTestExecutionListener - Before test class: context [DefaultTestContext@19261664 testClass = GroupFormationToolApplicationTests, testInstance = [null], testMethod = [null], testException = [null], mergedContextConfiguration = [WebMergedContextConfiguration@295a7d29 testClass = GroupFormationToolApplicationTests, locations = '{}', classes = '{class CSCI5308.GroupFormationTool.GroupFormationToolApplication}', contextInitializerClasses = '[]', activeProfiles = '{}', propertySourceLocations = '{}', propertySourceProperties = '{org.springframework.boot.test.context.SpringBootTestContextBootstrapper=true}', contextCustomizers = set[org.springframework.boot.test.autoconfigure.properties.PropertyMappingContextCustomizer@0, org.springframework.boot.test.autoconfigure.web.servlet.WebDriverContextCustomizerFactory$Customizer@58249f6d, org.springframework.boot.test.context.filter.ExcludeFilterContextCustomizer@20086b1b, org.springframework.boot.test.json.DuplicateJsonObjectContextCustomizerFactory$DuplicateJsonObjectContextCustomizer@b2ce740, org.springframework.boot.test.mock.mockito.MockitoContextCustomizer@0, org.springframework.boot.test.web.client.TestRestTemplateContextCustomizer@2014309e, org.springframework.boot.test.context.SpringBootTestArgs@1], resourceBasePath = 'src/main/webapp', contextLoader = 'org.springframework.boot.test.context.SpringBootContextLoader', parent = [null]], attributes = map['org.springframework.test.context.web.ServletTestExecutionListener.activateListener' -> true]], class annotated with @DirtiesContext [false] with mode [null].
14:16:48.522 [Test worker] DEBUG org.springframework.test.context.support.TestPropertySourceUtils - Adding inlined properties to environment: {spring.jmx.enabled=false, org.springframework.boot.test.context.SpringBootTestContextBootstrapper=true, server.port=-1}

  .   ____          _            __ _ _
 /\\ / ___'_ __ _ _(_)_ __  __ _ \ \ \ \
( ( )\___ | '_ | '_| | '_ \/ _` | \ \ \ \
 \\/  ___)| |_)| | | | | || (_| |  ) ) ) )
  '  |____| .__|_| |_|_| |_\__, | / / / /
 =========|_|==============|___/=/_/_/_/
 :: Spring Boot ::        (v2.2.7.RELEASE)

2020-07-07 14:16:48.738  INFO 21487 --- [    Test worker] C.G.GroupFormationToolApplicationTests   : Starting GroupFormationToolApplicationTests on Prabhjots-MacBook-Pro.local with PID 21487 (started by prabhjotkaur in /Users/prabhjotkaur/git/group22)
2020-07-07 14:16:48.739  INFO 21487 --- [    Test worker] C.G.GroupFormationToolApplicationTests   : No active profile set, falling back to default profiles: default
2020-07-07 14:16:49.637  INFO 21487 --- [    Test worker] o.s.s.web.DefaultSecurityFilterChain     : Creating filter chain: Ant [pattern='/resources/**'], []
2020-07-07 14:16:49.720  INFO 21487 --- [    Test worker] o.s.s.web.DefaultSecurityFilterChain     : Creating filter chain: any request, [org.springframework.security.web.context.request.async.WebAsyncManagerIntegrationFilter@1ba2dc54, org.springframework.security.web.context.SecurityContextPersistenceFilter@70b5d6fc, org.springframework.security.web.header.HeaderWriterFilter@3379bce7, org.springframework.security.web.csrf.CsrfFilter@68b224d, org.springframework.security.web.authentication.logout.LogoutFilter@1ce35df5, org.springframework.security.web.authentication.UsernamePasswordAuthenticationFilter@d51206c, org.springframework.security.web.savedrequest.RequestCacheAwareFilter@2fe6225a, org.springframework.security.web.servletapi.SecurityContextHolderAwareRequestFilter@cf35074, org.springframework.security.web.authentication.AnonymousAuthenticationFilter@c9aa6d9, org.springframework.security.web.session.SessionManagementFilter@424ae4c2, org.springframework.security.web.access.ExceptionTranslationFilter@10a62081, org.springframework.security.web.access.intercept.FilterSecurityInterceptor@16d3ce2]
2020-07-07 14:16:49.956  INFO 21487 --- [    Test worker] o.s.s.concurrent.ThreadPoolTaskExecutor  : Initializing ExecutorService 'applicationTaskExecutor'
2020-07-07 14:16:50.032  INFO 21487 --- [    Test worker] o.s.b.a.w.s.WelcomePageHandlerMapping    : Adding welcome page template: index
2020-07-07 14:16:50.200  INFO 21487 --- [    Test worker] C.G.GroupFormationToolApplicationTests   : Started GroupFormationToolApplicationTests in 1.666 seconds (JVM running for 3.299)
=======
<testsuite name="CSCI5308.GroupFormationTool.GroupFormationToolApplicationTests" tests="1" skipped="0" failures="0" errors="0" timestamp="2020-07-07T18:40:36" hostname="Prabhjots-MacBook-Pro.local" time="0.001">
  <properties/>
  <testcase name="contextLoads()" classname="CSCI5308.GroupFormationTool.GroupFormationToolApplicationTests" time="0.001"/>
  <system-out><![CDATA[2020-07-07 15:40:36.687  INFO 22184 --- [    Test worker] .b.t.c.SpringBootTestContextBootstrapper : Neither @ContextConfiguration nor @ContextHierarchy found for test class [CSCI5308.GroupFormationTool.GroupFormationToolApplicationTests], using SpringBootContextLoader
2020-07-07 15:40:36.688  INFO 22184 --- [    Test worker] o.s.t.c.support.AbstractContextLoader    : Could not detect default resource locations for test class [CSCI5308.GroupFormationTool.GroupFormationToolApplicationTests]: no resource found for suffixes {-context.xml, Context.groovy}.
2020-07-07 15:40:36.688  INFO 22184 --- [    Test worker] t.c.s.AnnotationConfigContextLoaderUtils : Could not detect default configuration classes for test class [CSCI5308.GroupFormationTool.GroupFormationToolApplicationTests]: GroupFormationToolApplicationTests does not declare any static, non-private, non-final, nested classes annotated with @Configuration.
2020-07-07 15:40:36.691  INFO 22184 --- [    Test worker] .b.t.c.SpringBootTestContextBootstrapper : Found @SpringBootConfiguration CSCI5308.GroupFormationTool.GroupFormationToolApplication for test class CSCI5308.GroupFormationTool.GroupFormationToolApplicationTests
2020-07-07 15:40:36.692  INFO 22184 --- [    Test worker] .b.t.c.SpringBootTestContextBootstrapper : Loaded default TestExecutionListener class names from location [META-INF/spring.factories]: [org.springframework.security.test.context.support.WithSecurityContextTestExecutionListener, org.springframework.security.test.context.support.ReactorContextTestExecutionListener, org.springframework.boot.test.autoconfigure.restdocs.RestDocsTestExecutionListener, org.springframework.boot.test.autoconfigure.web.client.MockRestServiceServerResetTestExecutionListener, org.springframework.boot.test.autoconfigure.web.servlet.MockMvcPrintOnlyOnFailureTestExecutionListener, org.springframework.boot.test.autoconfigure.web.servlet.WebDriverTestExecutionListener, org.springframework.boot.test.mock.mockito.MockitoTestExecutionListener, org.springframework.boot.test.mock.mockito.ResetMocksTestExecutionListener, org.springframework.test.context.web.ServletTestExecutionListener, org.springframework.test.context.support.DirtiesContextBeforeModesTestExecutionListener, org.springframework.test.context.support.DependencyInjectionTestExecutionListener, org.springframework.test.context.support.DirtiesContextTestExecutionListener, org.springframework.test.context.transaction.TransactionalTestExecutionListener, org.springframework.test.context.jdbc.SqlScriptsTestExecutionListener, org.springframework.test.context.event.EventPublishingTestExecutionListener]
2020-07-07 15:40:36.693  INFO 22184 --- [    Test worker] .b.t.c.SpringBootTestContextBootstrapper : Using TestExecutionListeners: [org.springframework.test.context.web.ServletTestExecutionListener@4d9b9c9b, org.springframework.test.context.support.DirtiesContextBeforeModesTestExecutionListener@328f5bab, org.springframework.boot.test.mock.mockito.MockitoTestExecutionListener@33a9cab0, org.springframework.boot.test.autoconfigure.SpringBootDependencyInjectionTestExecutionListener@ee507a2, org.springframework.test.context.support.DirtiesContextTestExecutionListener@1f8b3da1, org.springframework.security.test.context.support.WithSecurityContextTestExecutionListener@57916ff8, org.springframework.test.context.event.EventPublishingTestExecutionListener@2a90d3f0, org.springframework.security.test.context.support.ReactorContextTestExecutionListener@c6e0917, org.springframework.boot.test.autoconfigure.restdocs.RestDocsTestExecutionListener@4a4e4b0e, org.springframework.boot.test.autoconfigure.web.client.MockRestServiceServerResetTestExecutionListener@167c1310, org.springframework.boot.test.autoconfigure.web.servlet.MockMvcPrintOnlyOnFailureTestExecutionListener@3a5f4d7c, org.springframework.boot.test.autoconfigure.web.servlet.WebDriverTestExecutionListener@4685dd91, org.springframework.boot.test.mock.mockito.ResetMocksTestExecutionListener@7e2be874]
>>>>>>> hotfix
]]></system-out>
=======
<testsuite name="CSCI5308.GroupFormationTool.GroupFormationToolApplicationTests" tests="1" skipped="0" failures="0" errors="0" timestamp="2020-07-16T16:40:27" hostname="Prabhjots-MacBook-Pro.local" time="0.001">
  <properties/>
  <testcase name="contextLoads()" classname="CSCI5308.GroupFormationTool.GroupFormationToolApplicationTests" time="0.001"/>
  <system-out><![CDATA[]]></system-out>
>>>>>>> release/milestone-3
  <system-err><![CDATA[]]></system-err>
</testsuite>
