<?xml version="1.0" encoding="UTF-8"?>
<testsuite name="CSCI5308.GroupFormationTool.Model.ChoiceTest" tests="4" skipped="0" failures="0" errors="0" timestamp="2020-07-07T17:16:50" hostname="Prabhjots-MacBook-Pro.local" time="0.006">
  <properties/>
  <testcase name="getText()" classname="CSCI5308.GroupFormationTool.Model.ChoiceTest" time="0.002"/>
  <testcase name="setValue()" classname="CSCI5308.GroupFormationTool.Model.ChoiceTest" time="0.001"/>
  <testcase name="getValue()" classname="CSCI5308.GroupFormationTool.Model.ChoiceTest" time="0.001"/>
  <testcase name="setText()" classname="CSCI5308.GroupFormationTool.Model.ChoiceTest" time="0.001"/>
  <system-out><![CDATA[2020-07-07 14:16:50.542  INFO 21487 --- [    Test worker] .b.t.c.SpringBootTestContextBootstrapper : Neither @ContextConfiguration nor @ContextHierarchy found for test class [CSCI5308.GroupFormationTool.Model.ChoiceTest], using SpringBootContextLoader
2020-07-07 14:16:50.543  INFO 21487 --- [    Test worker] o.s.t.c.support.AbstractContextLoader    : Could not detect default resource locations for test class [CSCI5308.GroupFormationTool.Model.ChoiceTest]: no resource found for suffixes {-context.xml, Context.groovy}.
2020-07-07 14:16:50.543  INFO 21487 --- [    Test worker] t.c.s.AnnotationConfigContextLoaderUtils : Could not detect default configuration classes for test class [CSCI5308.GroupFormationTool.Model.ChoiceTest]: ChoiceTest does not declare any static, non-private, non-final, nested classes annotated with @Configuration.
2020-07-07 14:16:50.544  INFO 21487 --- [    Test worker] .b.t.c.SpringBootTestContextBootstrapper : Found @SpringBootConfiguration CSCI5308.GroupFormationTool.GroupFormationToolApplication for test class CSCI5308.GroupFormationTool.Model.ChoiceTest
2020-07-07 14:16:50.545  INFO 21487 --- [    Test worker] .b.t.c.SpringBootTestContextBootstrapper : Loaded default TestExecutionListener class names from location [META-INF/spring.factories]: [org.springframework.security.test.context.support.WithSecurityContextTestExecutionListener, org.springframework.security.test.context.support.ReactorContextTestExecutionListener, org.springframework.boot.test.autoconfigure.restdocs.RestDocsTestExecutionListener, org.springframework.boot.test.autoconfigure.web.client.MockRestServiceServerResetTestExecutionListener, org.springframework.boot.test.autoconfigure.web.servlet.MockMvcPrintOnlyOnFailureTestExecutionListener, org.springframework.boot.test.autoconfigure.web.servlet.WebDriverTestExecutionListener, org.springframework.boot.test.mock.mockito.MockitoTestExecutionListener, org.springframework.boot.test.mock.mockito.ResetMocksTestExecutionListener, org.springframework.test.context.web.ServletTestExecutionListener, org.springframework.test.context.support.DirtiesContextBeforeModesTestExecutionListener, org.springframework.test.context.support.DependencyInjectionTestExecutionListener, org.springframework.test.context.support.DirtiesContextTestExecutionListener, org.springframework.test.context.transaction.TransactionalTestExecutionListener, org.springframework.test.context.jdbc.SqlScriptsTestExecutionListener, org.springframework.test.context.event.EventPublishingTestExecutionListener]
2020-07-07 14:16:50.545  INFO 21487 --- [    Test worker] .b.t.c.SpringBootTestContextBootstrapper : Using TestExecutionListeners: [org.springframework.test.context.web.ServletTestExecutionListener@64ef4510, org.springframework.test.context.support.DirtiesContextBeforeModesTestExecutionListener@1e577bd, org.springframework.boot.test.mock.mockito.MockitoTestExecutionListener@5f166308, org.springframework.boot.test.autoconfigure.SpringBootDependencyInjectionTestExecutionListener@6593540c, org.springframework.test.context.support.DirtiesContextTestExecutionListener@7b4a5a6b, org.springframework.security.test.context.support.WithSecurityContextTestExecutionListener@51389220, org.springframework.test.context.event.EventPublishingTestExecutionListener@3ddab52c, org.springframework.security.test.context.support.ReactorContextTestExecutionListener@4216a5af, org.springframework.boot.test.autoconfigure.restdocs.RestDocsTestExecutionListener@6ba63684, org.springframework.boot.test.autoconfigure.web.client.MockRestServiceServerResetTestExecutionListener@7e9a0042, org.springframework.boot.test.autoconfigure.web.servlet.MockMvcPrintOnlyOnFailureTestExecutionListener@1681b968, org.springframework.boot.test.autoconfigure.web.servlet.WebDriverTestExecutionListener@614d4dca, org.springframework.boot.test.mock.mockito.ResetMocksTestExecutionListener@3b054571]
]]></system-out>
  <system-err><![CDATA[]]></system-err>
</testsuite>
