<?xml version="1.0" encoding="UTF-8"?>
<testsuite name="CSCI5308.GroupFormationTool.Service.ForgotPasswordServiceTest" tests="2" skipped="0" failures="0" errors="0" timestamp="2020-07-07T17:16:50" hostname="Prabhjots-MacBook-Pro.local" time="0.02">
  <properties/>
  <testcase name="updatePasswordTest()" classname="CSCI5308.GroupFormationTool.Service.ForgotPasswordServiceTest" time="0.016"/>
  <testcase name="notifyUserTest()" classname="CSCI5308.GroupFormationTool.Service.ForgotPasswordServiceTest" time="0.004"/>
  <system-out><![CDATA[2020-07-07 14:16:50.798  INFO 21487 --- [    Test worker] .b.t.c.SpringBootTestContextBootstrapper : Neither @ContextConfiguration nor @ContextHierarchy found for test class [CSCI5308.GroupFormationTool.Service.ForgotPasswordServiceTest], using SpringBootContextLoader
2020-07-07 14:16:50.799  INFO 21487 --- [    Test worker] o.s.t.c.support.AbstractContextLoader    : Could not detect default resource locations for test class [CSCI5308.GroupFormationTool.Service.ForgotPasswordServiceTest]: no resource found for suffixes {-context.xml, Context.groovy}.
2020-07-07 14:16:50.799  INFO 21487 --- [    Test worker] t.c.s.AnnotationConfigContextLoaderUtils : Could not detect default configuration classes for test class [CSCI5308.GroupFormationTool.Service.ForgotPasswordServiceTest]: ForgotPasswordServiceTest does not declare any static, non-private, non-final, nested classes annotated with @Configuration.
2020-07-07 14:16:50.799  INFO 21487 --- [    Test worker] .b.t.c.SpringBootTestContextBootstrapper : Found @SpringBootConfiguration CSCI5308.GroupFormationTool.GroupFormationToolApplication for test class CSCI5308.GroupFormationTool.Service.ForgotPasswordServiceTest
2020-07-07 14:16:50.800  INFO 21487 --- [    Test worker] .b.t.c.SpringBootTestContextBootstrapper : Loaded default TestExecutionListener class names from location [META-INF/spring.factories]: [org.springframework.security.test.context.support.WithSecurityContextTestExecutionListener, org.springframework.security.test.context.support.ReactorContextTestExecutionListener, org.springframework.boot.test.autoconfigure.restdocs.RestDocsTestExecutionListener, org.springframework.boot.test.autoconfigure.web.client.MockRestServiceServerResetTestExecutionListener, org.springframework.boot.test.autoconfigure.web.servlet.MockMvcPrintOnlyOnFailureTestExecutionListener, org.springframework.boot.test.autoconfigure.web.servlet.WebDriverTestExecutionListener, org.springframework.boot.test.mock.mockito.MockitoTestExecutionListener, org.springframework.boot.test.mock.mockito.ResetMocksTestExecutionListener, org.springframework.test.context.web.ServletTestExecutionListener, org.springframework.test.context.support.DirtiesContextBeforeModesTestExecutionListener, org.springframework.test.context.support.DependencyInjectionTestExecutionListener, org.springframework.test.context.support.DirtiesContextTestExecutionListener, org.springframework.test.context.transaction.TransactionalTestExecutionListener, org.springframework.test.context.jdbc.SqlScriptsTestExecutionListener, org.springframework.test.context.event.EventPublishingTestExecutionListener]
2020-07-07 14:16:50.801  INFO 21487 --- [    Test worker] .b.t.c.SpringBootTestContextBootstrapper : Using TestExecutionListeners: [org.springframework.test.context.web.ServletTestExecutionListener@163f7f74, org.springframework.test.context.support.DirtiesContextBeforeModesTestExecutionListener@5d59639a, org.springframework.boot.test.mock.mockito.MockitoTestExecutionListener@1ccdd4ff, org.springframework.boot.test.autoconfigure.SpringBootDependencyInjectionTestExecutionListener@711af183, org.springframework.test.context.support.DirtiesContextTestExecutionListener@1cb3e40b, org.springframework.security.test.context.support.WithSecurityContextTestExecutionListener@a6011b4, org.springframework.test.context.event.EventPublishingTestExecutionListener@78f8462b, org.springframework.security.test.context.support.ReactorContextTestExecutionListener@5ec8365e, org.springframework.boot.test.autoconfigure.restdocs.RestDocsTestExecutionListener@5dd80230, org.springframework.boot.test.autoconfigure.web.client.MockRestServiceServerResetTestExecutionListener@57bf558e, org.springframework.boot.test.autoconfigure.web.servlet.MockMvcPrintOnlyOnFailureTestExecutionListener@6dcc984c, org.springframework.boot.test.autoconfigure.web.servlet.WebDriverTestExecutionListener@7229296d, org.springframework.boot.test.mock.mockito.ResetMocksTestExecutionListener@6f7d7c9a]
]]></system-out>
  <system-err><![CDATA[]]></system-err>
</testsuite>
