<?xml version="1.0" encoding="UTF-8"?>
<testsuite name="CSCI5308.GroupFormationTool.Password.PasswordHistoryRepositoryTest" tests="3" skipped="0" failures="0" errors="0" timestamp="2020-07-16T16:40:23" hostname="Prabhjots-MacBook-Pro.local" time="0.023">
  <properties/>
  <testcase name="addPasswordHistoryTest()" classname="CSCI5308.GroupFormationTool.Password.PasswordHistoryRepositoryTest" time="0.021"/>
  <testcase name="getSettingvalueTest()" classname="CSCI5308.GroupFormationTool.Password.PasswordHistoryRepositoryTest" time="0.001"/>
  <testcase name="getNPasswordsTest()" classname="CSCI5308.GroupFormationTool.Password.PasswordHistoryRepositoryTest" time="0.001"/>
  <system-out><![CDATA[]]></system-out>
  <system-err><![CDATA[]]></system-err>
</testsuite>
