<?xml version="1.0" encoding="UTF-8"?>
<testsuite name="CSCI5308.GroupFormationTool.Service.UserCoursesServiceTest" tests="10" skipped="0" failures="0" errors="0" timestamp="2020-07-07T17:16:50" hostname="Prabhjots-MacBook-Pro.local" time="0.018">
  <properties/>
  <testcase name="getInstructorCoursesTest()" classname="CSCI5308.GroupFormationTool.Service.UserCoursesServiceTest" time="0.001"/>
  <testcase name="getStudentCoursesTest()" classname="CSCI5308.GroupFormationTool.Service.UserCoursesServiceTest" time="0.001"/>
  <testcase name="usersCurrentlyNotInstructorsForCourseTest()" classname="CSCI5308.GroupFormationTool.Service.UserCoursesServiceTest" time="0.002"/>
  <testcase name="getTAForCourseTest()" classname="CSCI5308.GroupFormationTool.Service.UserCoursesServiceTest" time="0.002"/>
  <testcase name="getRoleBasedCoursesTest()" classname="CSCI5308.GroupFormationTool.Service.UserCoursesServiceTest" time="0.001"/>
  <testcase name="addInstructorsToCourseTest()" classname="CSCI5308.GroupFormationTool.Service.UserCoursesServiceTest" time="0.001"/>
  <testcase name="enrollTAForCourseUsingEmailIdTest()" classname="CSCI5308.GroupFormationTool.Service.UserCoursesServiceTest" time="0.001"/>
  <testcase name="getUserRoleByEmailIdTest()" classname="CSCI5308.GroupFormationTool.Service.UserCoursesServiceTest" time="0.001"/>
  <testcase name="getTACoursesTest()" classname="CSCI5308.GroupFormationTool.Service.UserCoursesServiceTest" time="0.001"/>
  <testcase name="getInstructorsForCourseTest()" classname="CSCI5308.GroupFormationTool.Service.UserCoursesServiceTest" time="0.002"/>
  <system-out><![CDATA[2020-07-07 14:16:50.876  INFO 21487 --- [    Test worker] .b.t.c.SpringBootTestContextBootstrapper : Neither @ContextConfiguration nor @ContextHierarchy found for test class [CSCI5308.GroupFormationTool.Service.UserCoursesServiceTest], using SpringBootContextLoader
2020-07-07 14:16:50.877  INFO 21487 --- [    Test worker] o.s.t.c.support.AbstractContextLoader    : Could not detect default resource locations for test class [CSCI5308.GroupFormationTool.Service.UserCoursesServiceTest]: no resource found for suffixes {-context.xml, Context.groovy}.
2020-07-07 14:16:50.877  INFO 21487 --- [    Test worker] t.c.s.AnnotationConfigContextLoaderUtils : Could not detect default configuration classes for test class [CSCI5308.GroupFormationTool.Service.UserCoursesServiceTest]: UserCoursesServiceTest does not declare any static, non-private, non-final, nested classes annotated with @Configuration.
2020-07-07 14:16:50.878  INFO 21487 --- [    Test worker] .b.t.c.SpringBootTestContextBootstrapper : Found @SpringBootConfiguration CSCI5308.GroupFormationTool.GroupFormationToolApplication for test class CSCI5308.GroupFormationTool.Service.UserCoursesServiceTest
2020-07-07 14:16:50.878  INFO 21487 --- [    Test worker] .b.t.c.SpringBootTestContextBootstrapper : Loaded default TestExecutionListener class names from location [META-INF/spring.factories]: [org.springframework.security.test.context.support.WithSecurityContextTestExecutionListener, org.springframework.security.test.context.support.ReactorContextTestExecutionListener, org.springframework.boot.test.autoconfigure.restdocs.RestDocsTestExecutionListener, org.springframework.boot.test.autoconfigure.web.client.MockRestServiceServerResetTestExecutionListener, org.springframework.boot.test.autoconfigure.web.servlet.MockMvcPrintOnlyOnFailureTestExecutionListener, org.springframework.boot.test.autoconfigure.web.servlet.WebDriverTestExecutionListener, org.springframework.boot.test.mock.mockito.MockitoTestExecutionListener, org.springframework.boot.test.mock.mockito.ResetMocksTestExecutionListener, org.springframework.test.context.web.ServletTestExecutionListener, org.springframework.test.context.support.DirtiesContextBeforeModesTestExecutionListener, org.springframework.test.context.support.DependencyInjectionTestExecutionListener, org.springframework.test.context.support.DirtiesContextTestExecutionListener, org.springframework.test.context.transaction.TransactionalTestExecutionListener, org.springframework.test.context.jdbc.SqlScriptsTestExecutionListener, org.springframework.test.context.event.EventPublishingTestExecutionListener]
2020-07-07 14:16:50.879  INFO 21487 --- [    Test worker] .b.t.c.SpringBootTestContextBootstrapper : Using TestExecutionListeners: [org.springframework.test.context.web.ServletTestExecutionListener@16203787, org.springframework.test.context.support.DirtiesContextBeforeModesTestExecutionListener@6d676682, org.springframework.boot.test.mock.mockito.MockitoTestExecutionListener@3b5727e6, org.springframework.boot.test.autoconfigure.SpringBootDependencyInjectionTestExecutionListener@45bc319a, org.springframework.test.context.support.DirtiesContextTestExecutionListener@52b7aaa5, org.springframework.security.test.context.support.WithSecurityContextTestExecutionListener@4b29507, org.springframework.test.context.event.EventPublishingTestExecutionListener@6d8fa60, org.springframework.security.test.context.support.ReactorContextTestExecutionListener@224c3bc0, org.springframework.boot.test.autoconfigure.restdocs.RestDocsTestExecutionListener@4dc15fae, org.springframework.boot.test.autoconfigure.web.client.MockRestServiceServerResetTestExecutionListener@5dcbe1bc, org.springframework.boot.test.autoconfigure.web.servlet.MockMvcPrintOnlyOnFailureTestExecutionListener@1c811b9f, org.springframework.boot.test.autoconfigure.web.servlet.WebDriverTestExecutionListener@5f50b1f4, org.springframework.boot.test.mock.mockito.ResetMocksTestExecutionListener@182ba99f]
]]></system-out>
  <system-err><![CDATA[]]></system-err>
</testsuite>
