<?xml version="1.0" encoding="UTF-8"?>
<testsuite name="CSCI5308.GroupFormationTool.Model.CourseTest" tests="8" skipped="0" failures="0" errors="0" timestamp="2020-07-07T17:16:50" hostname="Prabhjots-MacBook-Pro.local" time="0.012">
  <properties/>
  <testcase name="getCreditsTest()" classname="CSCI5308.GroupFormationTool.Model.CourseTest" time="0.001"/>
  <testcase name="setNameTest()" classname="CSCI5308.GroupFormationTool.Model.CourseTest" time="0.001"/>
  <testcase name="getNameTest()" classname="CSCI5308.GroupFormationTool.Model.CourseTest" time="0.001"/>
  <testcase name="setIdTest()" classname="CSCI5308.GroupFormationTool.Model.CourseTest" time="0.001"/>
  <testcase name="getIdTest()" classname="CSCI5308.GroupFormationTool.Model.CourseTest" time="0.001"/>
  <testcase name="getDescriptionTest()" classname="CSCI5308.GroupFormationTool.Model.CourseTest" time="0.001"/>
  <testcase name="setDescriptionTest()" classname="CSCI5308.GroupFormationTool.Model.CourseTest" time="0.001"/>
  <testcase name="setCreditsTest()" classname="CSCI5308.GroupFormationTool.Model.CourseTest" time="0.002"/>
  <system-out><![CDATA[2020-07-07 14:16:50.484  INFO 21487 --- [    Test worker] .b.t.c.SpringBootTestContextBootstrapper : Neither @ContextConfiguration nor @ContextHierarchy found for test class [CSCI5308.GroupFormationTool.Model.CourseTest], using SpringBootContextLoader
2020-07-07 14:16:50.484  INFO 21487 --- [    Test worker] o.s.t.c.support.AbstractContextLoader    : Could not detect default resource locations for test class [CSCI5308.GroupFormationTool.Model.CourseTest]: no resource found for suffixes {-context.xml, Context.groovy}.
2020-07-07 14:16:50.484  INFO 21487 --- [    Test worker] t.c.s.AnnotationConfigContextLoaderUtils : Could not detect default configuration classes for test class [CSCI5308.GroupFormationTool.Model.CourseTest]: CourseTest does not declare any static, non-private, non-final, nested classes annotated with @Configuration.
2020-07-07 14:16:50.485  INFO 21487 --- [    Test worker] .b.t.c.SpringBootTestContextBootstrapper : Found @SpringBootConfiguration CSCI5308.GroupFormationTool.GroupFormationToolApplication for test class CSCI5308.GroupFormationTool.Model.CourseTest
2020-07-07 14:16:50.486  INFO 21487 --- [    Test worker] .b.t.c.SpringBootTestContextBootstrapper : Loaded default TestExecutionListener class names from location [META-INF/spring.factories]: [org.springframework.security.test.context.support.WithSecurityContextTestExecutionListener, org.springframework.security.test.context.support.ReactorContextTestExecutionListener, org.springframework.boot.test.autoconfigure.restdocs.RestDocsTestExecutionListener, org.springframework.boot.test.autoconfigure.web.client.MockRestServiceServerResetTestExecutionListener, org.springframework.boot.test.autoconfigure.web.servlet.MockMvcPrintOnlyOnFailureTestExecutionListener, org.springframework.boot.test.autoconfigure.web.servlet.WebDriverTestExecutionListener, org.springframework.boot.test.mock.mockito.MockitoTestExecutionListener, org.springframework.boot.test.mock.mockito.ResetMocksTestExecutionListener, org.springframework.test.context.web.ServletTestExecutionListener, org.springframework.test.context.support.DirtiesContextBeforeModesTestExecutionListener, org.springframework.test.context.support.DependencyInjectionTestExecutionListener, org.springframework.test.context.support.DirtiesContextTestExecutionListener, org.springframework.test.context.transaction.TransactionalTestExecutionListener, org.springframework.test.context.jdbc.SqlScriptsTestExecutionListener, org.springframework.test.context.event.EventPublishingTestExecutionListener]
2020-07-07 14:16:50.486  INFO 21487 --- [    Test worker] .b.t.c.SpringBootTestContextBootstrapper : Using TestExecutionListeners: [org.springframework.test.context.web.ServletTestExecutionListener@1402a68d, org.springframework.test.context.support.DirtiesContextBeforeModesTestExecutionListener@57333b92, org.springframework.boot.test.mock.mockito.MockitoTestExecutionListener@1e69560c, org.springframework.boot.test.autoconfigure.SpringBootDependencyInjectionTestExecutionListener@6af5412, org.springframework.test.context.support.DirtiesContextTestExecutionListener@718bc84, org.springframework.security.test.context.support.WithSecurityContextTestExecutionListener@4939f85e, org.springframework.test.context.event.EventPublishingTestExecutionListener@1db40e43, org.springframework.security.test.context.support.ReactorContextTestExecutionListener@6147d623, org.springframework.boot.test.autoconfigure.restdocs.RestDocsTestExecutionListener@2379ba13, org.springframework.boot.test.autoconfigure.web.client.MockRestServiceServerResetTestExecutionListener@25845d2a, org.springframework.boot.test.autoconfigure.web.servlet.MockMvcPrintOnlyOnFailureTestExecutionListener@187f99cf, org.springframework.boot.test.autoconfigure.web.servlet.WebDriverTestExecutionListener@47d6b22d, org.springframework.boot.test.mock.mockito.ResetMocksTestExecutionListener@291121e6]
]]></system-out>
  <system-err><![CDATA[]]></system-err>
</testsuite>
