<?xml version="1.0" encoding="UTF-8"?>
<testsuite name="CSCI5308.GroupFormationTool.Course.GuestControllerTest" tests="1" skipped="0" failures="0" errors="0" timestamp="2020-07-16T16:40:26" hostname="Prabhjots-MacBook-Pro.local" time="0.02">
  <properties/>
  <testcase name="guestCoursesTest()" classname="CSCI5308.GroupFormationTool.Course.GuestControllerTest" time="0.02"/>
  <system-out><![CDATA[
  .   ____          _            __ _ _
 /\\ / ___'_ __ _ _(_)_ __  __ _ \ \ \ \
( ( )\___ | '_ | '_| | '_ \/ _` | \ \ \ \
 \\/  ___)| |_)| | | | | || (_| |  ) ) ) )
  '  |____| .__|_| |_|_| |_\__, | / / / /
 =========|_|==============|___/=/_/_/_/
 :: Spring Boot ::        (v2.2.7.RELEASE)

2020-07-16 13:40:26.160  INFO 41246 --- [    Test worker] C.G.Course.GuestControllerTest           : Starting GuestControllerTest on Prabhjots-MacBook-Pro.local with PID 41246 (started by prabhjotkaur in /Users/prabhjotkaur/git/group22)
2020-07-16 13:40:26.161  INFO 41246 --- [    Test worker] C.G.Course.GuestControllerTest           : No active profile set, falling back to default profiles: default
2020-07-16 13:40:26.525  INFO 41246 --- [    Test worker] C.G.Course.GuestControllerTest           : Started GuestControllerTest in 0.375 seconds (JVM running for 6.261)
2020-07-16 13:40:26.529  INFO 41246 --- [    Test worker] C.G.Question.QuestionManagerRepository   : Function call to fetch all course details for a Guest user
2020-07-16 13:40:26.529  INFO 41246 --- [    Test worker] C.GroupFormationTool.Course.Course       : Calling the courseRepository function to get all courses

MockHttpServletRequest:
      HTTP Method = GET
      Request URI = /guest/guestCourses
       Parameters = {}
          Headers = []
             Body = <no character encoding set>
    Session Attrs = {}

Handler:
             Type = CSCI5308.GroupFormationTool.Course.GuestController
           Method = CSCI5308.GroupFormationTool.Course.GuestController#guestCourses(Model)

Async:
    Async started = false
     Async result = null

Resolved Exception:
             Type = null

ModelAndView:
        View name = course/guestCourses
             View = null
        Attribute = courses
            value = []

FlashMap:
       Attributes = null

MockHttpServletResponse:
           Status = 200
    Error message = null
          Headers = [Content-Language:"en", Content-Type:"text/html;charset=UTF-8", X-Content-Type-Options:"nosniff", X-XSS-Protection:"1; mode=block", Cache-Control:"no-cache, no-store, max-age=0, must-revalidate", Pragma:"no-cache", Expires:"0", X-Frame-Options:"DENY"]
     Content type = text/html;charset=UTF-8
             Body = <!DOCTYPE html>
<html lang="en" xmlns="http://www.w3.org/1999/xhtml">
<head>
    <meta charset="utf-8"/>
    <meta content="IE=edge" http-equiv="X-UA-Compatible"/>
    <meta content="width=device-width, initial-scale=1" name="viewport"/>
    <link href="favicon.ico" rel="icon"/>
    <title>Guest Course List</title>
    <link
            crossorigin="anonymous"
            href="//maxcdn.bootstrapcdn.com/bootstrap/3.3.7/css/bootstrap.min.css"
            integrity="sha384-BVYiiSIFeK1dGmJRAkycuHAHRg32OmUcww7on3RYdg4Va+PmSTsz/K68vbdEjh4u"
            rel="stylesheet"/>

</head>
<body style="background-color: #e7ebee">
<div class="container">
    <div>
        <p>You have not logged in to the application. Please login to
            continue...</p>
        <a href="/login">Click here to log in!</a>
    </div>

    
</div>
</body>
</html>
    Forwarded URL = null
   Redirected URL = null
          Cookies = []
]]></system-out>
  <system-err><![CDATA[]]></system-err>
</testsuite>
