<?xml version="1.0" encoding="UTF-8"?>
<testsuite name="CSCI5308.GroupFormationTool.Model.UserCoursesTest" tests="10" skipped="0" failures="0" errors="0" timestamp="2020-07-07T17:16:50" hostname="Prabhjots-MacBook-Pro.local" time="0.014">
  <properties/>
  <testcase name="getCourseIdTest()" classname="CSCI5308.GroupFormationTool.Model.UserCoursesTest" time="0.001"/>
  <testcase name="setBannerIdTest()" classname="CSCI5308.GroupFormationTool.Model.UserCoursesTest" time="0.001"/>
  <testcase name="setCourseDescriptionTest()" classname="CSCI5308.GroupFormationTool.Model.UserCoursesTest" time="0.001"/>
  <testcase name="setCourseNameTest()" classname="CSCI5308.GroupFormationTool.Model.UserCoursesTest" time="0.001"/>
  <testcase name="setIdTest()" classname="CSCI5308.GroupFormationTool.Model.UserCoursesTest" time="0.001"/>
  <testcase name="getCourseDescriptionTest()" classname="CSCI5308.GroupFormationTool.Model.UserCoursesTest" time="0.001"/>
  <testcase name="getUserRoleTest()" classname="CSCI5308.GroupFormationTool.Model.UserCoursesTest" time="0.001"/>
  <testcase name="getCourseNameTest()" classname="CSCI5308.GroupFormationTool.Model.UserCoursesTest" time="0.001"/>
  <testcase name="setUserRoleTest()" classname="CSCI5308.GroupFormationTool.Model.UserCoursesTest" time="0.001"/>
  <testcase name="getBannerIdTest()" classname="CSCI5308.GroupFormationTool.Model.UserCoursesTest" time="0.001"/>
  <system-out><![CDATA[2020-07-07 14:16:50.444  INFO 21487 --- [    Test worker] .b.t.c.SpringBootTestContextBootstrapper : Neither @ContextConfiguration nor @ContextHierarchy found for test class [CSCI5308.GroupFormationTool.Model.UserCoursesTest], using SpringBootContextLoader
2020-07-07 14:16:50.445  INFO 21487 --- [    Test worker] o.s.t.c.support.AbstractContextLoader    : Could not detect default resource locations for test class [CSCI5308.GroupFormationTool.Model.UserCoursesTest]: no resource found for suffixes {-context.xml, Context.groovy}.
2020-07-07 14:16:50.445  INFO 21487 --- [    Test worker] t.c.s.AnnotationConfigContextLoaderUtils : Could not detect default configuration classes for test class [CSCI5308.GroupFormationTool.Model.UserCoursesTest]: UserCoursesTest does not declare any static, non-private, non-final, nested classes annotated with @Configuration.
2020-07-07 14:16:50.446  INFO 21487 --- [    Test worker] .b.t.c.SpringBootTestContextBootstrapper : Found @SpringBootConfiguration CSCI5308.GroupFormationTool.GroupFormationToolApplication for test class CSCI5308.GroupFormationTool.Model.UserCoursesTest
2020-07-07 14:16:50.446  INFO 21487 --- [    Test worker] .b.t.c.SpringBootTestContextBootstrapper : Loaded default TestExecutionListener class names from location [META-INF/spring.factories]: [org.springframework.security.test.context.support.WithSecurityContextTestExecutionListener, org.springframework.security.test.context.support.ReactorContextTestExecutionListener, org.springframework.boot.test.autoconfigure.restdocs.RestDocsTestExecutionListener, org.springframework.boot.test.autoconfigure.web.client.MockRestServiceServerResetTestExecutionListener, org.springframework.boot.test.autoconfigure.web.servlet.MockMvcPrintOnlyOnFailureTestExecutionListener, org.springframework.boot.test.autoconfigure.web.servlet.WebDriverTestExecutionListener, org.springframework.boot.test.mock.mockito.MockitoTestExecutionListener, org.springframework.boot.test.mock.mockito.ResetMocksTestExecutionListener, org.springframework.test.context.web.ServletTestExecutionListener, org.springframework.test.context.support.DirtiesContextBeforeModesTestExecutionListener, org.springframework.test.context.support.DependencyInjectionTestExecutionListener, org.springframework.test.context.support.DirtiesContextTestExecutionListener, org.springframework.test.context.transaction.TransactionalTestExecutionListener, org.springframework.test.context.jdbc.SqlScriptsTestExecutionListener, org.springframework.test.context.event.EventPublishingTestExecutionListener]
2020-07-07 14:16:50.447  INFO 21487 --- [    Test worker] .b.t.c.SpringBootTestContextBootstrapper : Using TestExecutionListeners: [org.springframework.test.context.web.ServletTestExecutionListener@2d4154b6, org.springframework.test.context.support.DirtiesContextBeforeModesTestExecutionListener@72b7744c, org.springframework.boot.test.mock.mockito.MockitoTestExecutionListener@5b46ff72, org.springframework.boot.test.autoconfigure.SpringBootDependencyInjectionTestExecutionListener@4cbb0124, org.springframework.test.context.support.DirtiesContextTestExecutionListener@6b7818e1, org.springframework.security.test.context.support.WithSecurityContextTestExecutionListener@22a404d6, org.springframework.test.context.event.EventPublishingTestExecutionListener@4ef5d29f, org.springframework.security.test.context.support.ReactorContextTestExecutionListener@5a535844, org.springframework.boot.test.autoconfigure.restdocs.RestDocsTestExecutionListener@71c7ecff, org.springframework.boot.test.autoconfigure.web.client.MockRestServiceServerResetTestExecutionListener@7347c4a5, org.springframework.boot.test.autoconfigure.web.servlet.MockMvcPrintOnlyOnFailureTestExecutionListener@13469178, org.springframework.boot.test.autoconfigure.web.servlet.WebDriverTestExecutionListener@53976a2c, org.springframework.boot.test.mock.mockito.ResetMocksTestExecutionListener@1df9c4b5]
]]></system-out>
  <system-err><![CDATA[]]></system-err>
</testsuite>
