<?xml version="1.0" encoding="UTF-8"?>
<testsuite name="CSCI5308.GroupFormationTool.RepositoryTest.UserRepositoryTest" tests="4" skipped="0" failures="0" errors="0" timestamp="2020-07-07T17:16:50" hostname="Prabhjots-MacBook-Pro.local" time="0.006">
  <properties/>
  <testcase name="createUserTest()" classname="CSCI5308.GroupFormationTool.RepositoryTest.UserRepositoryTest" time="0.001"/>
  <testcase name="getUserByBannerIdTest()" classname="CSCI5308.GroupFormationTool.RepositoryTest.UserRepositoryTest" time="0.001"/>
  <testcase name="getUserByEmailIdTest()" classname="CSCI5308.GroupFormationTool.RepositoryTest.UserRepositoryTest" time="0.001"/>
  <testcase name="getAdminDetailsTest()" classname="CSCI5308.GroupFormationTool.RepositoryTest.UserRepositoryTest" time="0.001"/>
  <system-out><![CDATA[2020-07-07 14:16:50.399  INFO 21487 --- [    Test worker] .b.t.c.SpringBootTestContextBootstrapper : Neither @ContextConfiguration nor @ContextHierarchy found for test class [CSCI5308.GroupFormationTool.RepositoryTest.UserRepositoryTest], using SpringBootContextLoader
2020-07-07 14:16:50.400  INFO 21487 --- [    Test worker] o.s.t.c.support.AbstractContextLoader    : Could not detect default resource locations for test class [CSCI5308.GroupFormationTool.RepositoryTest.UserRepositoryTest]: no resource found for suffixes {-context.xml, Context.groovy}.
2020-07-07 14:16:50.400  INFO 21487 --- [    Test worker] t.c.s.AnnotationConfigContextLoaderUtils : Could not detect default configuration classes for test class [CSCI5308.GroupFormationTool.RepositoryTest.UserRepositoryTest]: UserRepositoryTest does not declare any static, non-private, non-final, nested classes annotated with @Configuration.
2020-07-07 14:16:50.401  INFO 21487 --- [    Test worker] .b.t.c.SpringBootTestContextBootstrapper : Found @SpringBootConfiguration CSCI5308.GroupFormationTool.GroupFormationToolApplication for test class CSCI5308.GroupFormationTool.RepositoryTest.UserRepositoryTest
2020-07-07 14:16:50.401  INFO 21487 --- [    Test worker] .b.t.c.SpringBootTestContextBootstrapper : Loaded default TestExecutionListener class names from location [META-INF/spring.factories]: [org.springframework.security.test.context.support.WithSecurityContextTestExecutionListener, org.springframework.security.test.context.support.ReactorContextTestExecutionListener, org.springframework.boot.test.autoconfigure.restdocs.RestDocsTestExecutionListener, org.springframework.boot.test.autoconfigure.web.client.MockRestServiceServerResetTestExecutionListener, org.springframework.boot.test.autoconfigure.web.servlet.MockMvcPrintOnlyOnFailureTestExecutionListener, org.springframework.boot.test.autoconfigure.web.servlet.WebDriverTestExecutionListener, org.springframework.boot.test.mock.mockito.MockitoTestExecutionListener, org.springframework.boot.test.mock.mockito.ResetMocksTestExecutionListener, org.springframework.test.context.web.ServletTestExecutionListener, org.springframework.test.context.support.DirtiesContextBeforeModesTestExecutionListener, org.springframework.test.context.support.DependencyInjectionTestExecutionListener, org.springframework.test.context.support.DirtiesContextTestExecutionListener, org.springframework.test.context.transaction.TransactionalTestExecutionListener, org.springframework.test.context.jdbc.SqlScriptsTestExecutionListener, org.springframework.test.context.event.EventPublishingTestExecutionListener]
2020-07-07 14:16:50.402  INFO 21487 --- [    Test worker] .b.t.c.SpringBootTestContextBootstrapper : Using TestExecutionListeners: [org.springframework.test.context.web.ServletTestExecutionListener@13a3494b, org.springframework.test.context.support.DirtiesContextBeforeModesTestExecutionListener@2be710a2, org.springframework.boot.test.mock.mockito.MockitoTestExecutionListener@3f0a8d26, org.springframework.boot.test.autoconfigure.SpringBootDependencyInjectionTestExecutionListener@629d8174, org.springframework.test.context.support.DirtiesContextTestExecutionListener@6b7d757d, org.springframework.security.test.context.support.WithSecurityContextTestExecutionListener@788c1ab0, org.springframework.test.context.event.EventPublishingTestExecutionListener@1384db3a, org.springframework.security.test.context.support.ReactorContextTestExecutionListener@1d9c7e1f, org.springframework.boot.test.autoconfigure.restdocs.RestDocsTestExecutionListener@1dca364c, org.springframework.boot.test.autoconfigure.web.client.MockRestServiceServerResetTestExecutionListener@50be6df, org.springframework.boot.test.autoconfigure.web.servlet.MockMvcPrintOnlyOnFailureTestExecutionListener@30e3b04f, org.springframework.boot.test.autoconfigure.web.servlet.WebDriverTestExecutionListener@4e714cca, org.springframework.boot.test.mock.mockito.ResetMocksTestExecutionListener@2c56b1e]
]]></system-out>
  <system-err><![CDATA[]]></system-err>
</testsuite>
