<?xml version="1.0" encoding="UTF-8"?>
<testsuite name="CSCI5308.GroupFormationTool.Service.CourseServiceTest" tests="4" skipped="0" failures="0" errors="0" timestamp="2020-07-07T17:16:50" hostname="Prabhjots-MacBook-Pro.local" time="0.017">
  <properties/>
  <testcase name="getAllCoursesTest()" classname="CSCI5308.GroupFormationTool.Service.CourseServiceTest" time="0.011"/>
  <testcase name="createCourseTest()" classname="CSCI5308.GroupFormationTool.Service.CourseServiceTest" time="0.001"/>
  <testcase name="getCourseByIdTest()" classname="CSCI5308.GroupFormationTool.Service.CourseServiceTest" time="0.002"/>
  <testcase name="deleteCourseTest()" classname="CSCI5308.GroupFormationTool.Service.CourseServiceTest" time="0.002"/>
  <system-out><![CDATA[2020-07-07 14:16:50.841  INFO 21487 --- [    Test worker] .b.t.c.SpringBootTestContextBootstrapper : Neither @ContextConfiguration nor @ContextHierarchy found for test class [CSCI5308.GroupFormationTool.Service.CourseServiceTest], using SpringBootContextLoader
2020-07-07 14:16:50.841  INFO 21487 --- [    Test worker] o.s.t.c.support.AbstractContextLoader    : Could not detect default resource locations for test class [CSCI5308.GroupFormationTool.Service.CourseServiceTest]: no resource found for suffixes {-context.xml, Context.groovy}.
2020-07-07 14:16:50.841  INFO 21487 --- [    Test worker] t.c.s.AnnotationConfigContextLoaderUtils : Could not detect default configuration classes for test class [CSCI5308.GroupFormationTool.Service.CourseServiceTest]: CourseServiceTest does not declare any static, non-private, non-final, nested classes annotated with @Configuration.
2020-07-07 14:16:50.842  INFO 21487 --- [    Test worker] .b.t.c.SpringBootTestContextBootstrapper : Found @SpringBootConfiguration CSCI5308.GroupFormationTool.GroupFormationToolApplication for test class CSCI5308.GroupFormationTool.Service.CourseServiceTest
2020-07-07 14:16:50.843  INFO 21487 --- [    Test worker] .b.t.c.SpringBootTestContextBootstrapper : Loaded default TestExecutionListener class names from location [META-INF/spring.factories]: [org.springframework.security.test.context.support.WithSecurityContextTestExecutionListener, org.springframework.security.test.context.support.ReactorContextTestExecutionListener, org.springframework.boot.test.autoconfigure.restdocs.RestDocsTestExecutionListener, org.springframework.boot.test.autoconfigure.web.client.MockRestServiceServerResetTestExecutionListener, org.springframework.boot.test.autoconfigure.web.servlet.MockMvcPrintOnlyOnFailureTestExecutionListener, org.springframework.boot.test.autoconfigure.web.servlet.WebDriverTestExecutionListener, org.springframework.boot.test.mock.mockito.MockitoTestExecutionListener, org.springframework.boot.test.mock.mockito.ResetMocksTestExecutionListener, org.springframework.test.context.web.ServletTestExecutionListener, org.springframework.test.context.support.DirtiesContextBeforeModesTestExecutionListener, org.springframework.test.context.support.DependencyInjectionTestExecutionListener, org.springframework.test.context.support.DirtiesContextTestExecutionListener, org.springframework.test.context.transaction.TransactionalTestExecutionListener, org.springframework.test.context.jdbc.SqlScriptsTestExecutionListener, org.springframework.test.context.event.EventPublishingTestExecutionListener]
2020-07-07 14:16:50.843  INFO 21487 --- [    Test worker] .b.t.c.SpringBootTestContextBootstrapper : Using TestExecutionListeners: [org.springframework.test.context.web.ServletTestExecutionListener@26dee01d, org.springframework.test.context.support.DirtiesContextBeforeModesTestExecutionListener@2661feeb, org.springframework.boot.test.mock.mockito.MockitoTestExecutionListener@5d830f9e, org.springframework.boot.test.autoconfigure.SpringBootDependencyInjectionTestExecutionListener@40f62078, org.springframework.test.context.support.DirtiesContextTestExecutionListener@11f9fe73, org.springframework.security.test.context.support.WithSecurityContextTestExecutionListener@3846dc01, org.springframework.test.context.event.EventPublishingTestExecutionListener@7d7ccb68, org.springframework.security.test.context.support.ReactorContextTestExecutionListener@c78d15f, org.springframework.boot.test.autoconfigure.restdocs.RestDocsTestExecutionListener@522cacc5, org.springframework.boot.test.autoconfigure.web.client.MockRestServiceServerResetTestExecutionListener@5c04c455, org.springframework.boot.test.autoconfigure.web.servlet.MockMvcPrintOnlyOnFailureTestExecutionListener@47b86336, org.springframework.boot.test.autoconfigure.web.servlet.WebDriverTestExecutionListener@d00a0b7, org.springframework.boot.test.mock.mockito.ResetMocksTestExecutionListener@3afd7f56]
]]></system-out>
  <system-err><![CDATA[]]></system-err>
</testsuite>
