<?xml version="1.0" encoding="UTF-8"?>
<testsuite name="CSCI5308.GroupFormationTool.Survey.ResponseControllerTest" tests="2" skipped="0" failures="0" errors="0" timestamp="2020-07-16T16:40:29" hostname="Prabhjots-MacBook-Pro.local" time="0.032">
  <properties/>
  <testcase name="takeSurveyTest()" classname="CSCI5308.GroupFormationTool.Survey.ResponseControllerTest" time="0.026"/>
  <testcase name="viewUserResponseTest()" classname="CSCI5308.GroupFormationTool.Survey.ResponseControllerTest" time="0.005"/>
  <system-out><![CDATA[
  .   ____          _            __ _ _
 /\\ / ___'_ __ _ _(_)_ __  __ _ \ \ \ \
( ( )\___ | '_ | '_| | '_ \/ _` | \ \ \ \
 \\/  ___)| |_)| | | | | || (_| |  ) ) ) )
  '  |____| .__|_| |_|_| |_\__, | / / / /
 =========|_|==============|___/=/_/_/_/
 :: Spring Boot ::        (v2.2.7.RELEASE)

2020-07-16 13:40:29.407  INFO 41246 --- [    Test worker] C.G.Survey.ResponseControllerTest        : Starting ResponseControllerTest on Prabhjots-MacBook-Pro.local with PID 41246 (started by prabhjotkaur in /Users/prabhjotkaur/git/group22)
2020-07-16 13:40:29.407  INFO 41246 --- [    Test worker] C.G.Survey.ResponseControllerTest        : No active profile set, falling back to default profiles: default
2020-07-16 13:40:29.739  INFO 41246 --- [    Test worker] C.G.Survey.ResponseControllerTest        : Started ResponseControllerTest in 0.341 seconds (JVM running for 9.475)
2020-07-16 13:40:29.745  INFO 41246 --- [    Test worker] C.GroupFormationTool.Question.Question   : Get the role of a user by email Id
2020-07-16 13:40:29.745  INFO 41246 --- [    Test worker] C.GroupFormationTool.Survey.Survey       : Getting the survey Id for a course CSCI3901
2020-07-16 13:40:29.745  INFO 41246 --- [    Test worker] C.GroupFormationTool.Survey.Survey       : Getting the survey questions for a course by survey id null

MockHttpServletRequest:
      HTTP Method = GET
      Request URI = /courseSurveyResponse
       Parameters = {courseName=[SDC], courseId=[CSCI3901], _csrf=[5417eaa5-e02c-4dd3-bcba-2028ca0c805f]}
          Headers = []
             Body = <no character encoding set>
    Session Attrs = {}

Handler:
             Type = CSCI5308.GroupFormationTool.Survey.ResponseController
           Method = CSCI5308.GroupFormationTool.Survey.ResponseController#takeSurvey(String, String, Model)

Async:
    Async started = false
     Async result = null

Resolved Exception:
             Type = null

ModelAndView:
        View name = course/courseSurveyResponse
             View = null
        Attribute = surveyQuestions
            value = []
        Attribute = courseName
            value = SDC
        Attribute = courseId
            value = CSCI3901

FlashMap:
       Attributes = null

MockHttpServletResponse:
           Status = 200
    Error message = null
          Headers = [Content-Language:"en", Content-Type:"text/html;charset=UTF-8", X-Content-Type-Options:"nosniff", X-XSS-Protection:"1; mode=block", Cache-Control:"no-cache, no-store, max-age=0, must-revalidate", Pragma:"no-cache", Expires:"0", X-Frame-Options:"DENY"]
     Content type = text/html;charset=UTF-8
             Body = <!DOCTYPE html>
<html lang="en" xmlns="http://www.w3.org/1999/xhtml">
<head>
    <meta charset="utf-8"/>
    <meta content="IE=edge" http-equiv="X-UA-Compatible"/>
    <meta content="width=device-width, initial-scale=1" name="viewport"/>
    <link href="favicon.ico" rel="icon"/>
    <title>Course Survey</title>
    <link
            crossorigin="anonymous"
            href="//maxcdn.bootstrapcdn.com/bootstrap/3.3.7/css/bootstrap.min.css"
            integrity="sha384-BVYiiSIFeK1dGmJRAkycuHAHRg32OmUcww7on3RYdg4Va+PmSTsz/K68vbdEjh4u"
            rel="stylesheet"/>

</head>
<body style="background-color: #e7ebee">
<div class="container">
    <div>
        <p>You have not logged in to the application. Please login to
            continue...</p>
        <a href="/login">Click here to log in!</a>
    </div>

    
</div>
</body>
</html>
    Forwarded URL = null
   Redirected URL = null
          Cookies = []
2020-07-16 13:40:29.765  INFO 41246 --- [    Test worker] C.GroupFormationTool.Question.Question   : Get the role of a user by email Id
2020-07-16 13:40:29.765  WARN 41246 --- [    Test worker] C.G.Survey.ResponseController            : Other type of user tried directly accessing response page

MockHttpServletRequest:
      HTTP Method = GET
      Request URI = /courseSurveyResponse
       Parameters = {courseName=[SDC], courseId=[CSCI3901], _csrf=[f96f5115-fe53-4f0e-9d94-8797e7f6ee99]}
          Headers = []
             Body = <no character encoding set>
    Session Attrs = {}

Handler:
             Type = CSCI5308.GroupFormationTool.Survey.ResponseController
           Method = CSCI5308.GroupFormationTool.Survey.ResponseController#takeSurvey(String, String, Model)

Async:
    Async started = false
     Async result = null

Resolved Exception:
             Type = null

ModelAndView:
        View name = redirect:login
             View = null
            Model = null

FlashMap:
       Attributes = null

MockHttpServletResponse:
           Status = 302
    Error message = null
          Headers = [Content-Language:"en", X-Content-Type-Options:"nosniff", X-XSS-Protection:"1; mode=block", Cache-Control:"no-cache, no-store, max-age=0, must-revalidate", Pragma:"no-cache", Expires:"0", X-Frame-Options:"DENY", Location:"login"]
     Content type = null
             Body = 
    Forwarded URL = null
   Redirected URL = login
          Cookies = []
2020-07-16 13:40:29.770  INFO 41246 --- [    Test worker] C.G.Survey.ResponseController            : Getting responses of the student for the course survey
2020-07-16 13:40:29.770  INFO 41246 --- [    Test worker] C.GroupFormationTool.Survey.Response     : Getting the responses of a single users who took the course survey id: 1

MockHttpServletRequest:
      HTTP Method = GET
      Request URI = /viewResponse
       Parameters = {courseName=[SDC], courseId=[CSCI3901], surveyId=[1], userId=[1], _csrf=[2204b86c-2d2d-4e00-b2d9-35acebe998b2]}
          Headers = []
             Body = <no character encoding set>
    Session Attrs = {}

Handler:
             Type = CSCI5308.GroupFormationTool.Survey.ResponseController
           Method = CSCI5308.GroupFormationTool.Survey.ResponseController#viewUserResponse(Long, String, String, Long, Model)

Async:
    Async started = false
     Async result = null

Resolved Exception:
             Type = null

ModelAndView:
        View name = survey/userResponse
             View = null
        Attribute = courseName
            value = SDC
        Attribute = courseId
            value = CSCI3901
        Attribute = responses
            value = {}

FlashMap:
       Attributes = null

MockHttpServletResponse:
           Status = 200
    Error message = null
          Headers = [Content-Language:"en", Content-Type:"text/html;charset=UTF-8", X-Content-Type-Options:"nosniff", X-XSS-Protection:"1; mode=block", Cache-Control:"no-cache, no-store, max-age=0, must-revalidate", Pragma:"no-cache", Expires:"0", X-Frame-Options:"DENY"]
     Content type = text/html;charset=UTF-8
             Body = <!DOCTYPE html>
<html lang="en" xmlns="http://www.w3.org/1999/xhtml">
<head>
    <meta charset="utf-8"/>
    <meta content="IE=edge" http-equiv="X-UA-Compatible"/>
    <meta content="width=device-width, initial-scale=1" name="viewport"/>
    <link href="favicon.ico" rel="icon"/>
    <title>User Response</title>
    <link
            crossorigin="anonymous"
            href="//maxcdn.bootstrapcdn.com/bootstrap/3.3.7/css/bootstrap.min.css"
            integrity="sha384-BVYiiSIFeK1dGmJRAkycuHAHRg32OmUcww7on3RYdg4Va+PmSTsz/K68vbdEjh4u"
            rel="stylesheet"/>

</head>
<body style="background-color: #e7ebee">
<div class="container">
    <div>
        <p>You have not yet logged in to the application. Please login to
            continue...</p>
        <a href="/login">Click here to log in!</a>
    </div>
    
</div>
</body>
</html>
    Forwarded URL = null
   Redirected URL = null
          Cookies = []
]]></system-out>
  <system-err><![CDATA[]]></system-err>
</testsuite>
