<?xml version="1.0" encoding="UTF-8"?>
<testsuite name="CSCI5308.GroupFormationTool.Service.QuestionManagerServiceTest" tests="5" skipped="0" failures="0" errors="0" timestamp="2020-07-07T17:16:50" hostname="Prabhjots-MacBook-Pro.local" time="0.017">
  <properties/>
  <testcase name="getQuestionListForInstructorTest()" classname="CSCI5308.GroupFormationTool.Service.QuestionManagerServiceTest" time="0.012"/>
  <testcase name="deleteQuestionTest()" classname="CSCI5308.GroupFormationTool.Service.QuestionManagerServiceTest" time="0.0"/>
  <testcase name="getSortedQuestionListForInstructorTest()" classname="CSCI5308.GroupFormationTool.Service.QuestionManagerServiceTest" time="0.001"/>
  <testcase name="getQuestionByIdTest()" classname="CSCI5308.GroupFormationTool.Service.QuestionManagerServiceTest" time="0.001"/>
  <testcase name="createQuestionTest()" classname="CSCI5308.GroupFormationTool.Service.QuestionManagerServiceTest" time="0.002"/>
  <system-out><![CDATA[]]></system-out>
  <system-err><![CDATA[]]></system-err>
</testsuite>
