<?xml version="1.0" encoding="UTF-8"?>
<testsuite name="CSCI5308.GroupFormationTool.RepositoryTest.UserCoursesRepositoryTest" tests="8" skipped="0" failures="0" errors="0" timestamp="2020-07-07T17:16:50" hostname="Prabhjots-MacBook-Pro.local" time="0.039">
  <properties/>
  <testcase name="getInstructorCoursesTest()" classname="CSCI5308.GroupFormationTool.RepositoryTest.UserCoursesRepositoryTest" time="0.001"/>
  <testcase name="getStudentCoursesTest()" classname="CSCI5308.GroupFormationTool.RepositoryTest.UserCoursesRepositoryTest" time="0.001"/>
  <testcase name="getTAForCourseTest()" classname="CSCI5308.GroupFormationTool.RepositoryTest.UserCoursesRepositoryTest" time="0.001"/>
  <testcase name="getRoleBasedCoursesTest()" classname="CSCI5308.GroupFormationTool.RepositoryTest.UserCoursesRepositoryTest" time="0.002"/>
  <testcase name="enrollTAForCourseUsingEmailIdTest()" classname="CSCI5308.GroupFormationTool.RepositoryTest.UserCoursesRepositoryTest" time="0.026"/>
  <testcase name="getUserRoleByEmailIdTest()" classname="CSCI5308.GroupFormationTool.RepositoryTest.UserCoursesRepositoryTest" time="0.003"/>
  <testcase name="getTACoursesTest()" classname="CSCI5308.GroupFormationTool.RepositoryTest.UserCoursesRepositoryTest" time="0.001"/>
  <testcase name="getInstructorsForCourseTest()" classname="CSCI5308.GroupFormationTool.RepositoryTest.UserCoursesRepositoryTest" time="0.001"/>
  <system-out><![CDATA[2020-07-07 14:16:50.354  INFO 21487 --- [    Test worker] .b.t.c.SpringBootTestContextBootstrapper : Neither @ContextConfiguration nor @ContextHierarchy found for test class [CSCI5308.GroupFormationTool.RepositoryTest.UserCoursesRepositoryTest], using SpringBootContextLoader
2020-07-07 14:16:50.355  INFO 21487 --- [    Test worker] o.s.t.c.support.AbstractContextLoader    : Could not detect default resource locations for test class [CSCI5308.GroupFormationTool.RepositoryTest.UserCoursesRepositoryTest]: no resource found for suffixes {-context.xml, Context.groovy}.
2020-07-07 14:16:50.355  INFO 21487 --- [    Test worker] t.c.s.AnnotationConfigContextLoaderUtils : Could not detect default configuration classes for test class [CSCI5308.GroupFormationTool.RepositoryTest.UserCoursesRepositoryTest]: UserCoursesRepositoryTest does not declare any static, non-private, non-final, nested classes annotated with @Configuration.
2020-07-07 14:16:50.356  INFO 21487 --- [    Test worker] .b.t.c.SpringBootTestContextBootstrapper : Found @SpringBootConfiguration CSCI5308.GroupFormationTool.GroupFormationToolApplication for test class CSCI5308.GroupFormationTool.RepositoryTest.UserCoursesRepositoryTest
2020-07-07 14:16:50.357  INFO 21487 --- [    Test worker] .b.t.c.SpringBootTestContextBootstrapper : Loaded default TestExecutionListener class names from location [META-INF/spring.factories]: [org.springframework.security.test.context.support.WithSecurityContextTestExecutionListener, org.springframework.security.test.context.support.ReactorContextTestExecutionListener, org.springframework.boot.test.autoconfigure.restdocs.RestDocsTestExecutionListener, org.springframework.boot.test.autoconfigure.web.client.MockRestServiceServerResetTestExecutionListener, org.springframework.boot.test.autoconfigure.web.servlet.MockMvcPrintOnlyOnFailureTestExecutionListener, org.springframework.boot.test.autoconfigure.web.servlet.WebDriverTestExecutionListener, org.springframework.boot.test.mock.mockito.MockitoTestExecutionListener, org.springframework.boot.test.mock.mockito.ResetMocksTestExecutionListener, org.springframework.test.context.web.ServletTestExecutionListener, org.springframework.test.context.support.DirtiesContextBeforeModesTestExecutionListener, org.springframework.test.context.support.DependencyInjectionTestExecutionListener, org.springframework.test.context.support.DirtiesContextTestExecutionListener, org.springframework.test.context.transaction.TransactionalTestExecutionListener, org.springframework.test.context.jdbc.SqlScriptsTestExecutionListener, org.springframework.test.context.event.EventPublishingTestExecutionListener]
2020-07-07 14:16:50.357  INFO 21487 --- [    Test worker] .b.t.c.SpringBootTestContextBootstrapper : Using TestExecutionListeners: [org.springframework.test.context.web.ServletTestExecutionListener@62e50e35, org.springframework.test.context.support.DirtiesContextBeforeModesTestExecutionListener@5b45fb33, org.springframework.boot.test.mock.mockito.MockitoTestExecutionListener@746a964f, org.springframework.boot.test.autoconfigure.SpringBootDependencyInjectionTestExecutionListener@51c9c4d8, org.springframework.test.context.support.DirtiesContextTestExecutionListener@1b97ec72, org.springframework.security.test.context.support.WithSecurityContextTestExecutionListener@6fff1050, org.springframework.test.context.event.EventPublishingTestExecutionListener@4f073b0e, org.springframework.security.test.context.support.ReactorContextTestExecutionListener@5077c932, org.springframework.boot.test.autoconfigure.restdocs.RestDocsTestExecutionListener@74274b32, org.springframework.boot.test.autoconfigure.web.client.MockRestServiceServerResetTestExecutionListener@634db876, org.springframework.boot.test.autoconfigure.web.servlet.MockMvcPrintOnlyOnFailureTestExecutionListener@1564305a, org.springframework.boot.test.autoconfigure.web.servlet.WebDriverTestExecutionListener@7bb4559d, org.springframework.boot.test.mock.mockito.ResetMocksTestExecutionListener@3504ef02]
]]></system-out>
  <system-err><![CDATA[]]></system-err>
</testsuite>
