<?xml version="1.0" encoding="UTF-8"?>
<testsuite name="CSCI5308.GroupFormationTool.GroupFormation.GroupFormationControllerTest" tests="1" skipped="0" failures="0" errors="0" timestamp="2020-07-16T16:40:28" hostname="Prabhjots-MacBook-Pro.local" time="0.043">
  <properties/>
  <testcase name="getGroupsTest()" classname="CSCI5308.GroupFormationTool.GroupFormation.GroupFormationControllerTest" time="0.043"/>
  <system-out><![CDATA[
  .   ____          _            __ _ _
 /\\ / ___'_ __ _ _(_)_ __  __ _ \ \ \ \
( ( )\___ | '_ | '_| | '_ \/ _` | \ \ \ \
 \\/  ___)| |_)| | | | | || (_| |  ) ) ) )
  '  |____| .__|_| |_|_| |_\__, | / / / /
 =========|_|==============|___/=/_/_/_/
 :: Spring Boot ::        (v2.2.7.RELEASE)

2020-07-16 13:40:28.590  INFO 41246 --- [    Test worker] C.G.G.GroupFormationControllerTest       : Starting GroupFormationControllerTest on Prabhjots-MacBook-Pro.local with PID 41246 (started by prabhjotkaur in /Users/prabhjotkaur/git/group22)
2020-07-16 13:40:28.590  INFO 41246 --- [    Test worker] C.G.G.GroupFormationControllerTest       : No active profile set, falling back to default profiles: default
2020-07-16 13:40:28.898  INFO 41246 --- [    Test worker] C.G.G.GroupFormationControllerTest       : Started GroupFormationControllerTest in 0.316 seconds (JVM running for 8.633)
2020-07-16 13:40:28.912  INFO 41246 --- [    Test worker] C.GroupFormationTool.Survey.Survey       : Getting survey id based on course id CSCI 5308
2020-07-16 13:40:28.912  INFO 41246 --- [    Test worker] C.G.G.GroupFormationController           : Checking if the survey can be used to form groups
2020-07-16 13:40:28.912  INFO 41246 --- [    Test worker] C.GroupFormationTool.Survey.Survey       : Checking if the survey is created for the course CSCI 5308 from the database
2020-07-16 13:40:28.913  INFO 41246 --- [    Test worker] C.GroupFormationTool.Survey.Survey       : Checking if the survey is published for the course CSCI 5308 from the database
2020-07-16 13:40:28.913  INFO 41246 --- [    Test worker] C.GroupFormationTool.Survey.Survey       : Checking if the survey has an algorithm for group formation for the course CSCI 5308 from the database
2020-07-16 13:40:28.913  INFO 41246 --- [    Test worker] C.G.G.GroupFormationController           : Getting the list of groups formed on the instructor's algorithm

MockHttpServletRequest:
      HTTP Method = GET
      Request URI = /groupFormation/getGroups
       Parameters = {courseId=[CSCI 5308], courseName=[SDC]}
          Headers = []
             Body = <no character encoding set>
    Session Attrs = {}

Handler:
             Type = CSCI5308.GroupFormationTool.GroupFormation.GroupFormationController
           Method = CSCI5308.GroupFormationTool.GroupFormation.GroupFormationController#getGroups(String, String, Model)

Async:
    Async started = false
     Async result = null

Resolved Exception:
             Type = null

ModelAndView:
        View name = group/groupDetails
             View = null
        Attribute = groups
            value = {}
        Attribute = showGroups
            value = true
        Attribute = courseId
            value = CSCI 5308
        Attribute = courseName
            value = SDC
        Attribute = surveyId
            value = 0

FlashMap:
       Attributes = null

MockHttpServletResponse:
           Status = 200
    Error message = null
          Headers = [Content-Language:"en", Content-Type:"text/html;charset=UTF-8", X-Content-Type-Options:"nosniff", X-XSS-Protection:"1; mode=block", Cache-Control:"no-cache, no-store, max-age=0, must-revalidate", Pragma:"no-cache", Expires:"0", X-Frame-Options:"DENY"]
     Content type = text/html;charset=UTF-8
             Body = <!DOCTYPE html>
<html lang="en" xmlns="http://www.w3.org/1999/xhtml">
<head>
    <meta charset="utf-8"/>
    <meta content="IE=edge" http-equiv="X-UA-Compatible"/>
    <meta content="width=device-width, initial-scale=1" name="viewport"/>
    <link href="favicon.ico" rel="icon"/>
    <title>Groups Details</title>
    <link
            crossorigin="anonymous"
            href="//maxcdn.bootstrapcdn.com/bootstrap/3.3.7/css/bootstrap.min.css"
            integrity="sha384-BVYiiSIFeK1dGmJRAkycuHAHRg32OmUcww7on3RYdg4Va+PmSTsz/K68vbdEjh4u"
            rel="stylesheet"/>

</head>
<body style="background-color: #e7ebee">
<div class="container">
    <div>
        <p>You have not yet logged in to the application. Please login to
            continue...</p>
        <a href="/login">Click here to log in!</a>
    </div>
    
</div>
</body>
</html>
    Forwarded URL = null
   Redirected URL = null
          Cookies = []
2020-07-16 13:40:28.930  INFO 41246 --- [    Test worker] C.GroupFormationTool.Survey.Survey       : Getting survey id based on course id CSCI 5308
2020-07-16 13:40:28.931  INFO 41246 --- [    Test worker] C.G.G.GroupFormationController           : Checking if the survey can be used to form groups
2020-07-16 13:40:28.931  INFO 41246 --- [    Test worker] C.GroupFormationTool.Survey.Survey       : Checking if the survey is created for the course CSCI 5308 from the database

MockHttpServletRequest:
      HTTP Method = GET
      Request URI = /groupFormation/getGroups
       Parameters = {courseId=[CSCI 5308], courseName=[SDC]}
          Headers = []
             Body = <no character encoding set>
    Session Attrs = {}

Handler:
             Type = CSCI5308.GroupFormationTool.GroupFormation.GroupFormationController
           Method = CSCI5308.GroupFormationTool.GroupFormation.GroupFormationController#getGroups(String, String, Model)

Async:
    Async started = false
     Async result = null

Resolved Exception:
             Type = null

ModelAndView:
        View name = group/groupDetails
             View = null
        Attribute = surveyNotCreated
            value = Survey not created yet!
        Attribute = showGroups
            value = false
        Attribute = courseId
            value = CSCI 5308
        Attribute = courseName
            value = SDC
        Attribute = surveyId
            value = 0

FlashMap:
       Attributes = null

MockHttpServletResponse:
           Status = 200
    Error message = null
          Headers = [Content-Language:"en", Content-Type:"text/html;charset=UTF-8", X-Content-Type-Options:"nosniff", X-XSS-Protection:"1; mode=block", Cache-Control:"no-cache, no-store, max-age=0, must-revalidate", Pragma:"no-cache", Expires:"0", X-Frame-Options:"DENY"]
     Content type = text/html;charset=UTF-8
             Body = <!DOCTYPE html>
<html lang="en" xmlns="http://www.w3.org/1999/xhtml">
<head>
    <meta charset="utf-8"/>
    <meta content="IE=edge" http-equiv="X-UA-Compatible"/>
    <meta content="width=device-width, initial-scale=1" name="viewport"/>
    <link href="favicon.ico" rel="icon"/>
    <title>Groups Details</title>
    <link
            crossorigin="anonymous"
            href="//maxcdn.bootstrapcdn.com/bootstrap/3.3.7/css/bootstrap.min.css"
            integrity="sha384-BVYiiSIFeK1dGmJRAkycuHAHRg32OmUcww7on3RYdg4Va+PmSTsz/K68vbdEjh4u"
            rel="stylesheet"/>

</head>
<body style="background-color: #e7ebee">
<div class="container">
    <div>
        <p>You have not yet logged in to the application. Please login to
            continue...</p>
        <a href="/login">Click here to log in!</a>
    </div>
    
</div>
</body>
</html>
    Forwarded URL = null
   Redirected URL = null
          Cookies = []
2020-07-16 13:40:28.935  INFO 41246 --- [    Test worker] C.GroupFormationTool.Survey.Survey       : Getting survey id based on course id CSCI 5308
2020-07-16 13:40:28.935  INFO 41246 --- [    Test worker] C.G.G.GroupFormationController           : Checking if the survey can be used to form groups
2020-07-16 13:40:28.935  INFO 41246 --- [    Test worker] C.GroupFormationTool.Survey.Survey       : Checking if the survey is created for the course CSCI 5308 from the database
2020-07-16 13:40:28.935  INFO 41246 --- [    Test worker] C.GroupFormationTool.Survey.Survey       : Checking if the survey is published for the course CSCI 5308 from the database

MockHttpServletRequest:
      HTTP Method = GET
      Request URI = /groupFormation/getGroups
       Parameters = {courseId=[CSCI 5308], courseName=[SDC]}
          Headers = []
             Body = <no character encoding set>
    Session Attrs = {}

Handler:
             Type = CSCI5308.GroupFormationTool.GroupFormation.GroupFormationController
           Method = CSCI5308.GroupFormationTool.GroupFormation.GroupFormationController#getGroups(String, String, Model)

Async:
    Async started = false
     Async result = null

Resolved Exception:
             Type = null

ModelAndView:
        View name = group/groupDetails
             View = null
        Attribute = surveyNotPublished
            value = Survey not published yet!
        Attribute = showGroups
            value = false
        Attribute = courseId
            value = CSCI 5308
        Attribute = courseName
            value = SDC
        Attribute = surveyId
            value = 0

FlashMap:
       Attributes = null

MockHttpServletResponse:
           Status = 200
    Error message = null
          Headers = [Content-Language:"en", Content-Type:"text/html;charset=UTF-8", X-Content-Type-Options:"nosniff", X-XSS-Protection:"1; mode=block", Cache-Control:"no-cache, no-store, max-age=0, must-revalidate", Pragma:"no-cache", Expires:"0", X-Frame-Options:"DENY"]
     Content type = text/html;charset=UTF-8
             Body = <!DOCTYPE html>
<html lang="en" xmlns="http://www.w3.org/1999/xhtml">
<head>
    <meta charset="utf-8"/>
    <meta content="IE=edge" http-equiv="X-UA-Compatible"/>
    <meta content="width=device-width, initial-scale=1" name="viewport"/>
    <link href="favicon.ico" rel="icon"/>
    <title>Groups Details</title>
    <link
            crossorigin="anonymous"
            href="//maxcdn.bootstrapcdn.com/bootstrap/3.3.7/css/bootstrap.min.css"
            integrity="sha384-BVYiiSIFeK1dGmJRAkycuHAHRg32OmUcww7on3RYdg4Va+PmSTsz/K68vbdEjh4u"
            rel="stylesheet"/>

</head>
<body style="background-color: #e7ebee">
<div class="container">
    <div>
        <p>You have not yet logged in to the application. Please login to
            continue...</p>
        <a href="/login">Click here to log in!</a>
    </div>
    
</div>
</body>
</html>
    Forwarded URL = null
   Redirected URL = null
          Cookies = []
2020-07-16 13:40:28.938  INFO 41246 --- [    Test worker] C.GroupFormationTool.Survey.Survey       : Getting survey id based on course id CSCI 5308
2020-07-16 13:40:28.938  INFO 41246 --- [    Test worker] C.G.G.GroupFormationController           : Checking if the survey can be used to form groups
2020-07-16 13:40:28.938  INFO 41246 --- [    Test worker] C.GroupFormationTool.Survey.Survey       : Checking if the survey is created for the course CSCI 5308 from the database
2020-07-16 13:40:28.939  INFO 41246 --- [    Test worker] C.GroupFormationTool.Survey.Survey       : Checking if the survey is published for the course CSCI 5308 from the database
2020-07-16 13:40:28.939  INFO 41246 --- [    Test worker] C.GroupFormationTool.Survey.Survey       : Checking if the survey has an algorithm for group formation for the course CSCI 5308 from the database

MockHttpServletRequest:
      HTTP Method = GET
      Request URI = /groupFormation/getGroups
       Parameters = {courseId=[CSCI 5308], courseName=[SDC]}
          Headers = []
             Body = <no character encoding set>
    Session Attrs = {}

Handler:
             Type = CSCI5308.GroupFormationTool.GroupFormation.GroupFormationController
           Method = CSCI5308.GroupFormationTool.GroupFormation.GroupFormationController#getGroups(String, String, Model)

Async:
    Async started = false
     Async result = null

Resolved Exception:
             Type = null

ModelAndView:
        View name = group/groupDetails
             View = null
        Attribute = surveyNotHavingAlgorithm
            value = Survey does not have any group formation algorithm yet!
        Attribute = showGroups
            value = false
        Attribute = courseId
            value = CSCI 5308
        Attribute = courseName
            value = SDC
        Attribute = surveyId
            value = 0

FlashMap:
       Attributes = null

MockHttpServletResponse:
           Status = 200
    Error message = null
          Headers = [Content-Language:"en", Content-Type:"text/html;charset=UTF-8", X-Content-Type-Options:"nosniff", X-XSS-Protection:"1; mode=block", Cache-Control:"no-cache, no-store, max-age=0, must-revalidate", Pragma:"no-cache", Expires:"0", X-Frame-Options:"DENY"]
     Content type = text/html;charset=UTF-8
             Body = <!DOCTYPE html>
<html lang="en" xmlns="http://www.w3.org/1999/xhtml">
<head>
    <meta charset="utf-8"/>
    <meta content="IE=edge" http-equiv="X-UA-Compatible"/>
    <meta content="width=device-width, initial-scale=1" name="viewport"/>
    <link href="favicon.ico" rel="icon"/>
    <title>Groups Details</title>
    <link
            crossorigin="anonymous"
            href="//maxcdn.bootstrapcdn.com/bootstrap/3.3.7/css/bootstrap.min.css"
            integrity="sha384-BVYiiSIFeK1dGmJRAkycuHAHRg32OmUcww7on3RYdg4Va+PmSTsz/K68vbdEjh4u"
            rel="stylesheet"/>

</head>
<body style="background-color: #e7ebee">
<div class="container">
    <div>
        <p>You have not yet logged in to the application. Please login to
            continue...</p>
        <a href="/login">Click here to log in!</a>
    </div>
    
</div>
</body>
</html>
    Forwarded URL = null
   Redirected URL = null
          Cookies = []
]]></system-out>
  <system-err><![CDATA[]]></system-err>
</testsuite>
