<?xml version="1.0" encoding="UTF-8"?>
<testsuite name="CSCI5308.GroupFormationTool.RepositoryTest.CourseRepositoryTest" tests="4" skipped="0" failures="0" errors="0" timestamp="2020-07-07T17:16:50" hostname="Prabhjots-MacBook-Pro.local" time="0.008">
  <properties/>
  <testcase name="getCourseById()" classname="CSCI5308.GroupFormationTool.RepositoryTest.CourseRepositoryTest" time="0.002"/>
  <testcase name="deleteCourseTest()" classname="CSCI5308.GroupFormationTool.RepositoryTest.CourseRepositoryTest" time="0.001"/>
  <testcase name="createCourse()" classname="CSCI5308.GroupFormationTool.RepositoryTest.CourseRepositoryTest" time="0.002"/>
  <testcase name="getAllCourses()" classname="CSCI5308.GroupFormationTool.RepositoryTest.CourseRepositoryTest" time="0.002"/>
  <system-out><![CDATA[2020-07-07 14:16:50.298  INFO 21487 --- [    Test worker] .b.t.c.SpringBootTestContextBootstrapper : Neither @ContextConfiguration nor @ContextHierarchy found for test class [CSCI5308.GroupFormationTool.RepositoryTest.CourseRepositoryTest], using SpringBootContextLoader
2020-07-07 14:16:50.299  INFO 21487 --- [    Test worker] o.s.t.c.support.AbstractContextLoader    : Could not detect default resource locations for test class [CSCI5308.GroupFormationTool.RepositoryTest.CourseRepositoryTest]: no resource found for suffixes {-context.xml, Context.groovy}.
2020-07-07 14:16:50.300  INFO 21487 --- [    Test worker] t.c.s.AnnotationConfigContextLoaderUtils : Could not detect default configuration classes for test class [CSCI5308.GroupFormationTool.RepositoryTest.CourseRepositoryTest]: CourseRepositoryTest does not declare any static, non-private, non-final, nested classes annotated with @Configuration.
2020-07-07 14:16:50.300  INFO 21487 --- [    Test worker] .b.t.c.SpringBootTestContextBootstrapper : Found @SpringBootConfiguration CSCI5308.GroupFormationTool.GroupFormationToolApplication for test class CSCI5308.GroupFormationTool.RepositoryTest.CourseRepositoryTest
2020-07-07 14:16:50.301  INFO 21487 --- [    Test worker] .b.t.c.SpringBootTestContextBootstrapper : Loaded default TestExecutionListener class names from location [META-INF/spring.factories]: [org.springframework.security.test.context.support.WithSecurityContextTestExecutionListener, org.springframework.security.test.context.support.ReactorContextTestExecutionListener, org.springframework.boot.test.autoconfigure.restdocs.RestDocsTestExecutionListener, org.springframework.boot.test.autoconfigure.web.client.MockRestServiceServerResetTestExecutionListener, org.springframework.boot.test.autoconfigure.web.servlet.MockMvcPrintOnlyOnFailureTestExecutionListener, org.springframework.boot.test.autoconfigure.web.servlet.WebDriverTestExecutionListener, org.springframework.boot.test.mock.mockito.MockitoTestExecutionListener, org.springframework.boot.test.mock.mockito.ResetMocksTestExecutionListener, org.springframework.test.context.web.ServletTestExecutionListener, org.springframework.test.context.support.DirtiesContextBeforeModesTestExecutionListener, org.springframework.test.context.support.DependencyInjectionTestExecutionListener, org.springframework.test.context.support.DirtiesContextTestExecutionListener, org.springframework.test.context.transaction.TransactionalTestExecutionListener, org.springframework.test.context.jdbc.SqlScriptsTestExecutionListener, org.springframework.test.context.event.EventPublishingTestExecutionListener]
2020-07-07 14:16:50.302  INFO 21487 --- [    Test worker] .b.t.c.SpringBootTestContextBootstrapper : Using TestExecutionListeners: [org.springframework.test.context.web.ServletTestExecutionListener@2b5173f1, org.springframework.test.context.support.DirtiesContextBeforeModesTestExecutionListener@38227944, org.springframework.boot.test.mock.mockito.MockitoTestExecutionListener@25cad8ea, org.springframework.boot.test.autoconfigure.SpringBootDependencyInjectionTestExecutionListener@22cf8ba9, org.springframework.test.context.support.DirtiesContextTestExecutionListener@2a1aafa, org.springframework.security.test.context.support.WithSecurityContextTestExecutionListener@29621bb3, org.springframework.test.context.event.EventPublishingTestExecutionListener@5a1c9bfd, org.springframework.security.test.context.support.ReactorContextTestExecutionListener@450c1d4, org.springframework.boot.test.autoconfigure.restdocs.RestDocsTestExecutionListener@ba95dde, org.springframework.boot.test.autoconfigure.web.client.MockRestServiceServerResetTestExecutionListener@322f709b, org.springframework.boot.test.autoconfigure.web.servlet.MockMvcPrintOnlyOnFailureTestExecutionListener@c52d650, org.springframework.boot.test.autoconfigure.web.servlet.WebDriverTestExecutionListener@e0ee86f, org.springframework.boot.test.mock.mockito.ResetMocksTestExecutionListener@4f8803dd]
]]></system-out>
  <system-err><![CDATA[]]></system-err>
</testsuite>
