<?xml version="1.0" encoding="UTF-8"?>
<testsuite name="CSCI5308.GroupFormationTool.Password.ForgotPasswordManagerTest" tests="2" skipped="0" failures="0" errors="0" timestamp="2020-07-16T16:40:23" hostname="Prabhjots-MacBook-Pro.local" time="0.048">
  <properties/>
  <testcase name="updatePasswordTest()" classname="CSCI5308.GroupFormationTool.Password.ForgotPasswordManagerTest" time="0.043"/>
  <testcase name="notifyUserTest()" classname="CSCI5308.GroupFormationTool.Password.ForgotPasswordManagerTest" time="0.005"/>
  <system-out><![CDATA[2020-07-16 13:40:24.016  INFO 41246 --- [    Test worker] C.GroupFormationTool.Password.Policy     : Calling the Policy Repository to check if the password follows enabled security policies
2020-07-16 13:40:24.017  INFO 41246 --- [    Test worker] C.GroupFormationTool.Password.Policy     : Checking if the password follows enabled security policies
2020-07-16 13:40:24.018  INFO 41246 --- [    Test worker] C.GroupFormationTool.Password.Policy     : Calling the Policy Repository to check if the password follows enabled security policies
2020-07-16 13:40:24.018  INFO 41246 --- [    Test worker] C.GroupFormationTool.Password.Policy     : Checking if the password follows enabled security policies
2020-07-16 13:40:24.018 ERROR 41246 --- [    Test worker] C.GroupFormationTool.Password.Policy     : Minimum password length security policy is violated
2020-07-16 13:40:24.018  INFO 41246 --- [    Test worker] C.GroupFormationTool.Password.Policy     : Calling the Policy Repository to check if the password follows enabled security policies
2020-07-16 13:40:24.019  INFO 41246 --- [    Test worker] C.GroupFormationTool.Password.Policy     : Checking if the password follows enabled security policies
2020-07-16 13:40:24.020  INFO 41246 --- [    Test worker] C.GroupFormationTool.Password.Policy     : Calling the Policy Repository to check if the password follows enabled security policies
2020-07-16 13:40:24.020  INFO 41246 --- [    Test worker] C.GroupFormationTool.Password.Policy     : Checking if the password follows enabled security policies
2020-07-16 13:40:24.020  INFO 41246 --- [    Test worker] C.G.Password.ForgotPasswordManager       : User violated history while updating password
2020-07-16 13:40:24.021  INFO 41246 --- [    Test worker] C.GroupFormationTool.Password.Policy     : Calling the Policy Repository to check if the password follows enabled security policies
2020-07-16 13:40:24.021  INFO 41246 --- [    Test worker] C.GroupFormationTool.Password.Policy     : Checking if the password follows enabled security policies
2020-07-16 13:40:24.024  INFO 41246 --- [    Test worker] C.G.Password.ForgotPasswordManager       : User is updating existing token
2020-07-16 13:40:24.026  INFO 41246 --- [    Test worker] C.G.Password.ForgotPasswordManager       : User is adding new token
]]></system-out>
  <system-err><![CDATA[]]></system-err>
</testsuite>
