<?xml version="1.0" encoding="UTF-8"?>
<testsuite name="CSCI5308.GroupFormationTool.RepositoryTest.PolicyRepositoryTest" tests="2" skipped="0" failures="0" errors="0" timestamp="2020-07-07T17:16:50" hostname="Prabhjots-MacBook-Pro.local" time="0.004">
  <properties/>
  <testcase name="getPoliciesTest()" classname="CSCI5308.GroupFormationTool.RepositoryTest.PolicyRepositoryTest" time="0.002"/>
  <testcase name="passwordSPolicyCheckTest()" classname="CSCI5308.GroupFormationTool.RepositoryTest.PolicyRepositoryTest" time="0.002"/>
  <system-out><![CDATA[2020-07-07 14:16:50.322  INFO 21487 --- [    Test worker] .b.t.c.SpringBootTestContextBootstrapper : Neither @ContextConfiguration nor @ContextHierarchy found for test class [CSCI5308.GroupFormationTool.RepositoryTest.PolicyRepositoryTest], using SpringBootContextLoader
2020-07-07 14:16:50.323  INFO 21487 --- [    Test worker] o.s.t.c.support.AbstractContextLoader    : Could not detect default resource locations for test class [CSCI5308.GroupFormationTool.RepositoryTest.PolicyRepositoryTest]: no resource found for suffixes {-context.xml, Context.groovy}.
2020-07-07 14:16:50.323  INFO 21487 --- [    Test worker] t.c.s.AnnotationConfigContextLoaderUtils : Could not detect default configuration classes for test class [CSCI5308.GroupFormationTool.RepositoryTest.PolicyRepositoryTest]: PolicyRepositoryTest does not declare any static, non-private, non-final, nested classes annotated with @Configuration.
2020-07-07 14:16:50.323  INFO 21487 --- [    Test worker] .b.t.c.SpringBootTestContextBootstrapper : Found @SpringBootConfiguration CSCI5308.GroupFormationTool.GroupFormationToolApplication for test class CSCI5308.GroupFormationTool.RepositoryTest.PolicyRepositoryTest
2020-07-07 14:16:50.324  INFO 21487 --- [    Test worker] .b.t.c.SpringBootTestContextBootstrapper : Loaded default TestExecutionListener class names from location [META-INF/spring.factories]: [org.springframework.security.test.context.support.WithSecurityContextTestExecutionListener, org.springframework.security.test.context.support.ReactorContextTestExecutionListener, org.springframework.boot.test.autoconfigure.restdocs.RestDocsTestExecutionListener, org.springframework.boot.test.autoconfigure.web.client.MockRestServiceServerResetTestExecutionListener, org.springframework.boot.test.autoconfigure.web.servlet.MockMvcPrintOnlyOnFailureTestExecutionListener, org.springframework.boot.test.autoconfigure.web.servlet.WebDriverTestExecutionListener, org.springframework.boot.test.mock.mockito.MockitoTestExecutionListener, org.springframework.boot.test.mock.mockito.ResetMocksTestExecutionListener, org.springframework.test.context.web.ServletTestExecutionListener, org.springframework.test.context.support.DirtiesContextBeforeModesTestExecutionListener, org.springframework.test.context.support.DependencyInjectionTestExecutionListener, org.springframework.test.context.support.DirtiesContextTestExecutionListener, org.springframework.test.context.transaction.TransactionalTestExecutionListener, org.springframework.test.context.jdbc.SqlScriptsTestExecutionListener, org.springframework.test.context.event.EventPublishingTestExecutionListener]
2020-07-07 14:16:50.325  INFO 21487 --- [    Test worker] .b.t.c.SpringBootTestContextBootstrapper : Using TestExecutionListeners: [org.springframework.test.context.web.ServletTestExecutionListener@10e8a17b, org.springframework.test.context.support.DirtiesContextBeforeModesTestExecutionListener@719aa77f, org.springframework.boot.test.mock.mockito.MockitoTestExecutionListener@3ed2fd1f, org.springframework.boot.test.autoconfigure.SpringBootDependencyInjectionTestExecutionListener@768a42bb, org.springframework.test.context.support.DirtiesContextTestExecutionListener@23bcc668, org.springframework.security.test.context.support.WithSecurityContextTestExecutionListener@7393c3f, org.springframework.test.context.event.EventPublishingTestExecutionListener@2eaa03c2, org.springframework.security.test.context.support.ReactorContextTestExecutionListener@a911336, org.springframework.boot.test.autoconfigure.restdocs.RestDocsTestExecutionListener@4fdb1b8a, org.springframework.boot.test.autoconfigure.web.client.MockRestServiceServerResetTestExecutionListener@1cd1e8a, org.springframework.boot.test.autoconfigure.web.servlet.MockMvcPrintOnlyOnFailureTestExecutionListener@7f87b962, org.springframework.boot.test.autoconfigure.web.servlet.WebDriverTestExecutionListener@7d0d0d07, org.springframework.boot.test.mock.mockito.ResetMocksTestExecutionListener@6a1d4e67]
]]></system-out>
  <system-err><![CDATA[]]></system-err>
</testsuite>
