<?xml version="1.0" encoding="UTF-8"?>
<testsuite name="CSCI5308.GroupFormationTool.RepositoryTest.StudentRepositoryTest" tests="1" skipped="0" failures="0" errors="0" timestamp="2020-07-07T17:16:50" hostname="Prabhjots-MacBook-Pro.local" time="0.002">
  <properties/>
  <testcase name="createStudentTest()" classname="CSCI5308.GroupFormationTool.RepositoryTest.StudentRepositoryTest" time="0.002"/>
  <system-out><![CDATA[2020-07-07 14:16:50.331  INFO 21487 --- [    Test worker] .b.t.c.SpringBootTestContextBootstrapper : Neither @ContextConfiguration nor @ContextHierarchy found for test class [CSCI5308.GroupFormationTool.RepositoryTest.StudentRepositoryTest], using SpringBootContextLoader
2020-07-07 14:16:50.332  INFO 21487 --- [    Test worker] o.s.t.c.support.AbstractContextLoader    : Could not detect default resource locations for test class [CSCI5308.GroupFormationTool.RepositoryTest.StudentRepositoryTest]: no resource found for suffixes {-context.xml, Context.groovy}.
2020-07-07 14:16:50.332  INFO 21487 --- [    Test worker] t.c.s.AnnotationConfigContextLoaderUtils : Could not detect default configuration classes for test class [CSCI5308.GroupFormationTool.RepositoryTest.StudentRepositoryTest]: StudentRepositoryTest does not declare any static, non-private, non-final, nested classes annotated with @Configuration.
2020-07-07 14:16:50.332  INFO 21487 --- [    Test worker] .b.t.c.SpringBootTestContextBootstrapper : Found @SpringBootConfiguration CSCI5308.GroupFormationTool.GroupFormationToolApplication for test class CSCI5308.GroupFormationTool.RepositoryTest.StudentRepositoryTest
2020-07-07 14:16:50.333  INFO 21487 --- [    Test worker] .b.t.c.SpringBootTestContextBootstrapper : Loaded default TestExecutionListener class names from location [META-INF/spring.factories]: [org.springframework.security.test.context.support.WithSecurityContextTestExecutionListener, org.springframework.security.test.context.support.ReactorContextTestExecutionListener, org.springframework.boot.test.autoconfigure.restdocs.RestDocsTestExecutionListener, org.springframework.boot.test.autoconfigure.web.client.MockRestServiceServerResetTestExecutionListener, org.springframework.boot.test.autoconfigure.web.servlet.MockMvcPrintOnlyOnFailureTestExecutionListener, org.springframework.boot.test.autoconfigure.web.servlet.WebDriverTestExecutionListener, org.springframework.boot.test.mock.mockito.MockitoTestExecutionListener, org.springframework.boot.test.mock.mockito.ResetMocksTestExecutionListener, org.springframework.test.context.web.ServletTestExecutionListener, org.springframework.test.context.support.DirtiesContextBeforeModesTestExecutionListener, org.springframework.test.context.support.DependencyInjectionTestExecutionListener, org.springframework.test.context.support.DirtiesContextTestExecutionListener, org.springframework.test.context.transaction.TransactionalTestExecutionListener, org.springframework.test.context.jdbc.SqlScriptsTestExecutionListener, org.springframework.test.context.event.EventPublishingTestExecutionListener]
2020-07-07 14:16:50.334  INFO 21487 --- [    Test worker] .b.t.c.SpringBootTestContextBootstrapper : Using TestExecutionListeners: [org.springframework.test.context.web.ServletTestExecutionListener@3edd4f90, org.springframework.test.context.support.DirtiesContextBeforeModesTestExecutionListener@614bc0c8, org.springframework.boot.test.mock.mockito.MockitoTestExecutionListener@297a7c70, org.springframework.boot.test.autoconfigure.SpringBootDependencyInjectionTestExecutionListener@11410973, org.springframework.test.context.support.DirtiesContextTestExecutionListener@45346504, org.springframework.security.test.context.support.WithSecurityContextTestExecutionListener@7ac6b0ea, org.springframework.test.context.event.EventPublishingTestExecutionListener@25da3e, org.springframework.security.test.context.support.ReactorContextTestExecutionListener@193641d8, org.springframework.boot.test.autoconfigure.restdocs.RestDocsTestExecutionListener@7f4c1bbf, org.springframework.boot.test.autoconfigure.web.client.MockRestServiceServerResetTestExecutionListener@3042b55c, org.springframework.boot.test.autoconfigure.web.servlet.MockMvcPrintOnlyOnFailureTestExecutionListener@1e986d40, org.springframework.boot.test.autoconfigure.web.servlet.WebDriverTestExecutionListener@350bd7ca, org.springframework.boot.test.mock.mockito.ResetMocksTestExecutionListener@2a85b337]
]]></system-out>
  <system-err><![CDATA[]]></system-err>
</testsuite>
