<?xml version="1.0" encoding="UTF-8"?>
<testsuite name="CSCI5308.GroupFormationTool.RepositoryTest.QuestionRepositoryTest" tests="6" skipped="0" failures="0" errors="0" timestamp="2020-07-07T17:16:50" hostname="Prabhjots-MacBook-Pro.local" time="0.011">
  <properties/>
  <testcase name="getQuestionListForInstructorTest()" classname="CSCI5308.GroupFormationTool.RepositoryTest.QuestionRepositoryTest" time="0.002"/>
  <testcase name="deleteQuestionTest()" classname="CSCI5308.GroupFormationTool.RepositoryTest.QuestionRepositoryTest" time="0.001"/>
  <testcase name="getSortedQuestionListForInstructorTest()" classname="CSCI5308.GroupFormationTool.RepositoryTest.QuestionRepositoryTest" time="0.001"/>
  <testcase name="getQuestionByIdTest()" classname="CSCI5308.GroupFormationTool.RepositoryTest.QuestionRepositoryTest" time="0.001"/>
  <testcase name="getOptionsForTheQuestionTest()" classname="CSCI5308.GroupFormationTool.RepositoryTest.QuestionRepositoryTest" time="0.001"/>
  <testcase name="createQuestionTest()" classname="CSCI5308.GroupFormationTool.RepositoryTest.QuestionRepositoryTest" time="0.002"/>
  <system-out><![CDATA[2020-07-07 14:16:50.338  INFO 21487 --- [    Test worker] .b.t.c.SpringBootTestContextBootstrapper : Neither @ContextConfiguration nor @ContextHierarchy found for test class [CSCI5308.GroupFormationTool.RepositoryTest.QuestionRepositoryTest], using SpringBootContextLoader
2020-07-07 14:16:50.339  INFO 21487 --- [    Test worker] o.s.t.c.support.AbstractContextLoader    : Could not detect default resource locations for test class [CSCI5308.GroupFormationTool.RepositoryTest.QuestionRepositoryTest]: no resource found for suffixes {-context.xml, Context.groovy}.
2020-07-07 14:16:50.339  INFO 21487 --- [    Test worker] t.c.s.AnnotationConfigContextLoaderUtils : Could not detect default configuration classes for test class [CSCI5308.GroupFormationTool.RepositoryTest.QuestionRepositoryTest]: QuestionRepositoryTest does not declare any static, non-private, non-final, nested classes annotated with @Configuration.
2020-07-07 14:16:50.339  INFO 21487 --- [    Test worker] .b.t.c.SpringBootTestContextBootstrapper : Found @SpringBootConfiguration CSCI5308.GroupFormationTool.GroupFormationToolApplication for test class CSCI5308.GroupFormationTool.RepositoryTest.QuestionRepositoryTest
2020-07-07 14:16:50.340  INFO 21487 --- [    Test worker] .b.t.c.SpringBootTestContextBootstrapper : Loaded default TestExecutionListener class names from location [META-INF/spring.factories]: [org.springframework.security.test.context.support.WithSecurityContextTestExecutionListener, org.springframework.security.test.context.support.ReactorContextTestExecutionListener, org.springframework.boot.test.autoconfigure.restdocs.RestDocsTestExecutionListener, org.springframework.boot.test.autoconfigure.web.client.MockRestServiceServerResetTestExecutionListener, org.springframework.boot.test.autoconfigure.web.servlet.MockMvcPrintOnlyOnFailureTestExecutionListener, org.springframework.boot.test.autoconfigure.web.servlet.WebDriverTestExecutionListener, org.springframework.boot.test.mock.mockito.MockitoTestExecutionListener, org.springframework.boot.test.mock.mockito.ResetMocksTestExecutionListener, org.springframework.test.context.web.ServletTestExecutionListener, org.springframework.test.context.support.DirtiesContextBeforeModesTestExecutionListener, org.springframework.test.context.support.DependencyInjectionTestExecutionListener, org.springframework.test.context.support.DirtiesContextTestExecutionListener, org.springframework.test.context.transaction.TransactionalTestExecutionListener, org.springframework.test.context.jdbc.SqlScriptsTestExecutionListener, org.springframework.test.context.event.EventPublishingTestExecutionListener]
2020-07-07 14:16:50.341  INFO 21487 --- [    Test worker] .b.t.c.SpringBootTestContextBootstrapper : Using TestExecutionListeners: [org.springframework.test.context.web.ServletTestExecutionListener@71fe5261, org.springframework.test.context.support.DirtiesContextBeforeModesTestExecutionListener@1f5a4331, org.springframework.boot.test.mock.mockito.MockitoTestExecutionListener@6b7af184, org.springframework.boot.test.autoconfigure.SpringBootDependencyInjectionTestExecutionListener@409e0e76, org.springframework.test.context.support.DirtiesContextTestExecutionListener@43f0215e, org.springframework.security.test.context.support.WithSecurityContextTestExecutionListener@efeb1da, org.springframework.test.context.event.EventPublishingTestExecutionListener@32348750, org.springframework.security.test.context.support.ReactorContextTestExecutionListener@2e9c2de, org.springframework.boot.test.autoconfigure.restdocs.RestDocsTestExecutionListener@4051f90c, org.springframework.boot.test.autoconfigure.web.client.MockRestServiceServerResetTestExecutionListener@3b5af0bd, org.springframework.boot.test.autoconfigure.web.servlet.MockMvcPrintOnlyOnFailureTestExecutionListener@2d42ee81, org.springframework.boot.test.autoconfigure.web.servlet.WebDriverTestExecutionListener@617136c5, org.springframework.boot.test.mock.mockito.ResetMocksTestExecutionListener@2ea73a7e]
null
[CSCI5308.GroupFormationTool.Model.Choice@10b7e6e2, CSCI5308.GroupFormationTool.Model.Choice@7d45a40]
]]></system-out>
  <system-err><![CDATA[]]></system-err>
</testsuite>
