<?xml version="1.0" encoding="UTF-8"?>
<testsuite name="CSCI5308.GroupFormationTool.Service.PolicyServiceTest" tests="2" skipped="0" failures="0" errors="0" timestamp="2020-07-07T17:16:50" hostname="Prabhjots-MacBook-Pro.local" time="0.01">
  <properties/>
  <testcase name="getPoliciesTest()" classname="CSCI5308.GroupFormationTool.Service.PolicyServiceTest" time="0.007"/>
  <testcase name="passwordPolicyCheckTest()" classname="CSCI5308.GroupFormationTool.Service.PolicyServiceTest" time="0.002"/>
  <system-out><![CDATA[2020-07-07 14:16:50.862  INFO 21487 --- [    Test worker] .b.t.c.SpringBootTestContextBootstrapper : Neither @ContextConfiguration nor @ContextHierarchy found for test class [CSCI5308.GroupFormationTool.Service.PolicyServiceTest], using SpringBootContextLoader
2020-07-07 14:16:50.862  INFO 21487 --- [    Test worker] o.s.t.c.support.AbstractContextLoader    : Could not detect default resource locations for test class [CSCI5308.GroupFormationTool.Service.PolicyServiceTest]: no resource found for suffixes {-context.xml, Context.groovy}.
2020-07-07 14:16:50.862  INFO 21487 --- [    Test worker] t.c.s.AnnotationConfigContextLoaderUtils : Could not detect default configuration classes for test class [CSCI5308.GroupFormationTool.Service.PolicyServiceTest]: PolicyServiceTest does not declare any static, non-private, non-final, nested classes annotated with @Configuration.
2020-07-07 14:16:50.863  INFO 21487 --- [    Test worker] .b.t.c.SpringBootTestContextBootstrapper : Found @SpringBootConfiguration CSCI5308.GroupFormationTool.GroupFormationToolApplication for test class CSCI5308.GroupFormationTool.Service.PolicyServiceTest
2020-07-07 14:16:50.864  INFO 21487 --- [    Test worker] .b.t.c.SpringBootTestContextBootstrapper : Loaded default TestExecutionListener class names from location [META-INF/spring.factories]: [org.springframework.security.test.context.support.WithSecurityContextTestExecutionListener, org.springframework.security.test.context.support.ReactorContextTestExecutionListener, org.springframework.boot.test.autoconfigure.restdocs.RestDocsTestExecutionListener, org.springframework.boot.test.autoconfigure.web.client.MockRestServiceServerResetTestExecutionListener, org.springframework.boot.test.autoconfigure.web.servlet.MockMvcPrintOnlyOnFailureTestExecutionListener, org.springframework.boot.test.autoconfigure.web.servlet.WebDriverTestExecutionListener, org.springframework.boot.test.mock.mockito.MockitoTestExecutionListener, org.springframework.boot.test.mock.mockito.ResetMocksTestExecutionListener, org.springframework.test.context.web.ServletTestExecutionListener, org.springframework.test.context.support.DirtiesContextBeforeModesTestExecutionListener, org.springframework.test.context.support.DependencyInjectionTestExecutionListener, org.springframework.test.context.support.DirtiesContextTestExecutionListener, org.springframework.test.context.transaction.TransactionalTestExecutionListener, org.springframework.test.context.jdbc.SqlScriptsTestExecutionListener, org.springframework.test.context.event.EventPublishingTestExecutionListener]
2020-07-07 14:16:50.864  INFO 21487 --- [    Test worker] .b.t.c.SpringBootTestContextBootstrapper : Using TestExecutionListeners: [org.springframework.test.context.web.ServletTestExecutionListener@720e7138, org.springframework.test.context.support.DirtiesContextBeforeModesTestExecutionListener@1189f57d, org.springframework.boot.test.mock.mockito.MockitoTestExecutionListener@5beb2b5c, org.springframework.boot.test.autoconfigure.SpringBootDependencyInjectionTestExecutionListener@14b0a1cc, org.springframework.test.context.support.DirtiesContextTestExecutionListener@153695d3, org.springframework.security.test.context.support.WithSecurityContextTestExecutionListener@4bcaa815, org.springframework.test.context.event.EventPublishingTestExecutionListener@4979cbfb, org.springframework.security.test.context.support.ReactorContextTestExecutionListener@5856add9, org.springframework.boot.test.autoconfigure.restdocs.RestDocsTestExecutionListener@796f330d, org.springframework.boot.test.autoconfigure.web.client.MockRestServiceServerResetTestExecutionListener@677ba635, org.springframework.boot.test.autoconfigure.web.servlet.MockMvcPrintOnlyOnFailureTestExecutionListener@605a9f32, org.springframework.boot.test.autoconfigure.web.servlet.WebDriverTestExecutionListener@d8fce85, org.springframework.boot.test.mock.mockito.ResetMocksTestExecutionListener@df87362]
]]></system-out>
  <system-err><![CDATA[]]></system-err>
</testsuite>
