<?xml version="1.0" encoding="UTF-8"?>
<testsuite name="CSCI5308.GroupFormationTool.Service.UserServiceTest" tests="2" skipped="0" failures="0" errors="0" timestamp="2020-07-07T17:16:50" hostname="Prabhjots-MacBook-Pro.local" time="0.198">
  <properties/>
  <testcase name="checkCurrentUserIsAdminTest()" classname="CSCI5308.GroupFormationTool.Service.UserServiceTest" time="0.03"/>
  <testcase name="createUserTest()" classname="CSCI5308.GroupFormationTool.Service.UserServiceTest" time="0.168"/>
  <system-out><![CDATA[2020-07-07 14:16:50.575  INFO 21487 --- [    Test worker] .b.t.c.SpringBootTestContextBootstrapper : Neither @ContextConfiguration nor @ContextHierarchy found for test class [CSCI5308.GroupFormationTool.Service.UserServiceTest], using SpringBootContextLoader
2020-07-07 14:16:50.576  INFO 21487 --- [    Test worker] o.s.t.c.support.AbstractContextLoader    : Could not detect default resource locations for test class [CSCI5308.GroupFormationTool.Service.UserServiceTest]: no resource found for suffixes {-context.xml, Context.groovy}.
2020-07-07 14:16:50.576  INFO 21487 --- [    Test worker] t.c.s.AnnotationConfigContextLoaderUtils : Could not detect default configuration classes for test class [CSCI5308.GroupFormationTool.Service.UserServiceTest]: UserServiceTest does not declare any static, non-private, non-final, nested classes annotated with @Configuration.
2020-07-07 14:16:50.584  INFO 21487 --- [    Test worker] .b.t.c.SpringBootTestContextBootstrapper : Found @SpringBootConfiguration CSCI5308.GroupFormationTool.GroupFormationToolApplication for test class CSCI5308.GroupFormationTool.Service.UserServiceTest
2020-07-07 14:16:50.585  INFO 21487 --- [    Test worker] .b.t.c.SpringBootTestContextBootstrapper : Loaded default TestExecutionListener class names from location [META-INF/spring.factories]: [org.springframework.security.test.context.support.WithSecurityContextTestExecutionListener, org.springframework.security.test.context.support.ReactorContextTestExecutionListener, org.springframework.boot.test.autoconfigure.restdocs.RestDocsTestExecutionListener, org.springframework.boot.test.autoconfigure.web.client.MockRestServiceServerResetTestExecutionListener, org.springframework.boot.test.autoconfigure.web.servlet.MockMvcPrintOnlyOnFailureTestExecutionListener, org.springframework.boot.test.autoconfigure.web.servlet.WebDriverTestExecutionListener, org.springframework.boot.test.mock.mockito.MockitoTestExecutionListener, org.springframework.boot.test.mock.mockito.ResetMocksTestExecutionListener, org.springframework.test.context.web.ServletTestExecutionListener, org.springframework.test.context.support.DirtiesContextBeforeModesTestExecutionListener, org.springframework.test.context.support.DependencyInjectionTestExecutionListener, org.springframework.test.context.support.DirtiesContextTestExecutionListener, org.springframework.test.context.transaction.TransactionalTestExecutionListener, org.springframework.test.context.jdbc.SqlScriptsTestExecutionListener, org.springframework.test.context.event.EventPublishingTestExecutionListener]
2020-07-07 14:16:50.586  INFO 21487 --- [    Test worker] .b.t.c.SpringBootTestContextBootstrapper : Using TestExecutionListeners: [org.springframework.test.context.web.ServletTestExecutionListener@3133f4c5, org.springframework.test.context.support.DirtiesContextBeforeModesTestExecutionListener@6c2279a3, org.springframework.boot.test.mock.mockito.MockitoTestExecutionListener@4c4bd1b6, org.springframework.boot.test.autoconfigure.SpringBootDependencyInjectionTestExecutionListener@675d0ad9, org.springframework.test.context.support.DirtiesContextTestExecutionListener@49665f2b, org.springframework.security.test.context.support.WithSecurityContextTestExecutionListener@3676d8c5, org.springframework.test.context.event.EventPublishingTestExecutionListener@24a269dc, org.springframework.security.test.context.support.ReactorContextTestExecutionListener@2ba6b453, org.springframework.boot.test.autoconfigure.restdocs.RestDocsTestExecutionListener@5042390b, org.springframework.boot.test.autoconfigure.web.client.MockRestServiceServerResetTestExecutionListener@50f26336, org.springframework.boot.test.autoconfigure.web.servlet.MockMvcPrintOnlyOnFailureTestExecutionListener@67a91c7d, org.springframework.boot.test.autoconfigure.web.servlet.WebDriverTestExecutionListener@793338f7, org.springframework.boot.test.mock.mockito.ResetMocksTestExecutionListener@3878ccbb]
]]></system-out>
  <system-err><![CDATA[]]></system-err>
</testsuite>
