<?xml version="1.0" encoding="UTF-8"?>
<testsuite name="CSCI5308.GroupFormationTool.SecurityTest.BCryptEncryptionTest" tests="1" skipped="0" failures="0" errors="0" timestamp="2020-07-07T17:16:50" hostname="Prabhjots-MacBook-Pro.local" time="0.001">
  <properties/>
  <testcase name="encryptPasswordTest()" classname="CSCI5308.GroupFormationTool.SecurityTest.BCryptEncryptionTest" time="0.001"/>
  <system-out><![CDATA[2020-07-07 14:16:50.555  INFO 21487 --- [    Test worker] .b.t.c.SpringBootTestContextBootstrapper : Neither @ContextConfiguration nor @ContextHierarchy found for test class [CSCI5308.GroupFormationTool.SecurityTest.BCryptEncryptionTest], using SpringBootContextLoader
2020-07-07 14:16:50.555  INFO 21487 --- [    Test worker] o.s.t.c.support.AbstractContextLoader    : Could not detect default resource locations for test class [CSCI5308.GroupFormationTool.SecurityTest.BCryptEncryptionTest]: no resource found for suffixes {-context.xml, Context.groovy}.
2020-07-07 14:16:50.555  INFO 21487 --- [    Test worker] t.c.s.AnnotationConfigContextLoaderUtils : Could not detect default configuration classes for test class [CSCI5308.GroupFormationTool.SecurityTest.BCryptEncryptionTest]: BCryptEncryptionTest does not declare any static, non-private, non-final, nested classes annotated with @Configuration.
2020-07-07 14:16:50.561  INFO 21487 --- [    Test worker] .b.t.c.SpringBootTestContextBootstrapper : Found @SpringBootConfiguration CSCI5308.GroupFormationTool.GroupFormationToolApplication for test class CSCI5308.GroupFormationTool.SecurityTest.BCryptEncryptionTest
2020-07-07 14:16:50.562  INFO 21487 --- [    Test worker] .b.t.c.SpringBootTestContextBootstrapper : Loaded default TestExecutionListener class names from location [META-INF/spring.factories]: [org.springframework.security.test.context.support.WithSecurityContextTestExecutionListener, org.springframework.security.test.context.support.ReactorContextTestExecutionListener, org.springframework.boot.test.autoconfigure.restdocs.RestDocsTestExecutionListener, org.springframework.boot.test.autoconfigure.web.client.MockRestServiceServerResetTestExecutionListener, org.springframework.boot.test.autoconfigure.web.servlet.MockMvcPrintOnlyOnFailureTestExecutionListener, org.springframework.boot.test.autoconfigure.web.servlet.WebDriverTestExecutionListener, org.springframework.boot.test.mock.mockito.MockitoTestExecutionListener, org.springframework.boot.test.mock.mockito.ResetMocksTestExecutionListener, org.springframework.test.context.web.ServletTestExecutionListener, org.springframework.test.context.support.DirtiesContextBeforeModesTestExecutionListener, org.springframework.test.context.support.DependencyInjectionTestExecutionListener, org.springframework.test.context.support.DirtiesContextTestExecutionListener, org.springframework.test.context.transaction.TransactionalTestExecutionListener, org.springframework.test.context.jdbc.SqlScriptsTestExecutionListener, org.springframework.test.context.event.EventPublishingTestExecutionListener]
2020-07-07 14:16:50.565  INFO 21487 --- [    Test worker] .b.t.c.SpringBootTestContextBootstrapper : Using TestExecutionListeners: [org.springframework.test.context.web.ServletTestExecutionListener@5847c167, org.springframework.test.context.support.DirtiesContextBeforeModesTestExecutionListener@1a060a78, org.springframework.boot.test.mock.mockito.MockitoTestExecutionListener@1bac9168, org.springframework.boot.test.autoconfigure.SpringBootDependencyInjectionTestExecutionListener@d08f29e, org.springframework.test.context.support.DirtiesContextTestExecutionListener@6ba246a1, org.springframework.security.test.context.support.WithSecurityContextTestExecutionListener@415dc467, org.springframework.test.context.event.EventPublishingTestExecutionListener@3e853af5, org.springframework.security.test.context.support.ReactorContextTestExecutionListener@7453b3b9, org.springframework.boot.test.autoconfigure.restdocs.RestDocsTestExecutionListener@d3d74dc, org.springframework.boot.test.autoconfigure.web.client.MockRestServiceServerResetTestExecutionListener@22ecf7e0, org.springframework.boot.test.autoconfigure.web.servlet.MockMvcPrintOnlyOnFailureTestExecutionListener@352923da, org.springframework.boot.test.autoconfigure.web.servlet.WebDriverTestExecutionListener@5c8e90bd, org.springframework.boot.test.mock.mockito.ResetMocksTestExecutionListener@3af39464]
]]></system-out>
  <system-err><![CDATA[]]></system-err>
</testsuite>
