<?xml version="1.0" encoding="UTF-8"?>
<testsuite name="CSCI5308.GroupFormationTool.RepositoryTest.ForgotPasswordRepositoryTest" tests="7" skipped="0" failures="0" errors="0" timestamp="2020-07-07T17:16:50" hostname="Prabhjots-MacBook-Pro.local" time="0.051">
  <properties/>
  <testcase name="updatePasswordTest()" classname="CSCI5308.GroupFormationTool.RepositoryTest.ForgotPasswordRepositoryTest" time="0.032"/>
  <testcase name="getEmailByTokenTest()" classname="CSCI5308.GroupFormationTool.RepositoryTest.ForgotPasswordRepositoryTest" time="0.003"/>
  <testcase name="addTokenTest()" classname="CSCI5308.GroupFormationTool.RepositoryTest.ForgotPasswordRepositoryTest" time="0.003"/>
  <testcase name="getTokenTest()" classname="CSCI5308.GroupFormationTool.RepositoryTest.ForgotPasswordRepositoryTest" time="0.002"/>
  <testcase name="deleteTokenTest()" classname="CSCI5308.GroupFormationTool.RepositoryTest.ForgotPasswordRepositoryTest" time="0.003"/>
  <testcase name="getUserIdTest()" classname="CSCI5308.GroupFormationTool.RepositoryTest.ForgotPasswordRepositoryTest" time="0.003"/>
  <testcase name="updateTokenTest()" classname="CSCI5308.GroupFormationTool.RepositoryTest.ForgotPasswordRepositoryTest" time="0.003"/>
  <system-out><![CDATA[2020-07-07 14:16:50.220  INFO 21487 --- [    Test worker] .b.t.c.SpringBootTestContextBootstrapper : Neither @ContextConfiguration nor @ContextHierarchy found for test class [CSCI5308.GroupFormationTool.RepositoryTest.ForgotPasswordRepositoryTest], using SpringBootContextLoader
2020-07-07 14:16:50.220  INFO 21487 --- [    Test worker] o.s.t.c.support.AbstractContextLoader    : Could not detect default resource locations for test class [CSCI5308.GroupFormationTool.RepositoryTest.ForgotPasswordRepositoryTest]: no resource found for suffixes {-context.xml, Context.groovy}.
2020-07-07 14:16:50.221  INFO 21487 --- [    Test worker] t.c.s.AnnotationConfigContextLoaderUtils : Could not detect default configuration classes for test class [CSCI5308.GroupFormationTool.RepositoryTest.ForgotPasswordRepositoryTest]: ForgotPasswordRepositoryTest does not declare any static, non-private, non-final, nested classes annotated with @Configuration.
2020-07-07 14:16:50.226  INFO 21487 --- [    Test worker] .b.t.c.SpringBootTestContextBootstrapper : Found @SpringBootConfiguration CSCI5308.GroupFormationTool.GroupFormationToolApplication for test class CSCI5308.GroupFormationTool.RepositoryTest.ForgotPasswordRepositoryTest
2020-07-07 14:16:50.227  INFO 21487 --- [    Test worker] .b.t.c.SpringBootTestContextBootstrapper : Loaded default TestExecutionListener class names from location [META-INF/spring.factories]: [org.springframework.security.test.context.support.WithSecurityContextTestExecutionListener, org.springframework.security.test.context.support.ReactorContextTestExecutionListener, org.springframework.boot.test.autoconfigure.restdocs.RestDocsTestExecutionListener, org.springframework.boot.test.autoconfigure.web.client.MockRestServiceServerResetTestExecutionListener, org.springframework.boot.test.autoconfigure.web.servlet.MockMvcPrintOnlyOnFailureTestExecutionListener, org.springframework.boot.test.autoconfigure.web.servlet.WebDriverTestExecutionListener, org.springframework.boot.test.mock.mockito.MockitoTestExecutionListener, org.springframework.boot.test.mock.mockito.ResetMocksTestExecutionListener, org.springframework.test.context.web.ServletTestExecutionListener, org.springframework.test.context.support.DirtiesContextBeforeModesTestExecutionListener, org.springframework.test.context.support.DependencyInjectionTestExecutionListener, org.springframework.test.context.support.DirtiesContextTestExecutionListener, org.springframework.test.context.transaction.TransactionalTestExecutionListener, org.springframework.test.context.jdbc.SqlScriptsTestExecutionListener, org.springframework.test.context.event.EventPublishingTestExecutionListener]
2020-07-07 14:16:50.228  INFO 21487 --- [    Test worker] .b.t.c.SpringBootTestContextBootstrapper : Using TestExecutionListeners: [org.springframework.test.context.web.ServletTestExecutionListener@59fd5f32, org.springframework.test.context.support.DirtiesContextBeforeModesTestExecutionListener@7fd4797, org.springframework.boot.test.mock.mockito.MockitoTestExecutionListener@57cbbcc, org.springframework.boot.test.autoconfigure.SpringBootDependencyInjectionTestExecutionListener@7d7305ad, org.springframework.test.context.support.DirtiesContextTestExecutionListener@4ec4c1fe, org.springframework.security.test.context.support.WithSecurityContextTestExecutionListener@2368e64e, org.springframework.test.context.event.EventPublishingTestExecutionListener@43aa8b34, org.springframework.security.test.context.support.ReactorContextTestExecutionListener@2611a081, org.springframework.boot.test.autoconfigure.restdocs.RestDocsTestExecutionListener@4e325e8c, org.springframework.boot.test.autoconfigure.web.client.MockRestServiceServerResetTestExecutionListener@2a8c8b92, org.springframework.boot.test.autoconfigure.web.servlet.MockMvcPrintOnlyOnFailureTestExecutionListener@3de856dc, org.springframework.boot.test.autoconfigure.web.servlet.WebDriverTestExecutionListener@1656fc48, org.springframework.boot.test.mock.mockito.ResetMocksTestExecutionListener@4acc0630]
]]></system-out>
  <system-err><![CDATA[]]></system-err>
</testsuite>
