<?xml version="1.0" encoding="UTF-8"?>
<testsuite name="CSCI5308.GroupFormationTool.Security.LoginControllerTest" tests="1" skipped="0" failures="0" errors="0" timestamp="2020-07-16T16:40:27" hostname="Prabhjots-MacBook-Pro.local" time="0.02">
  <properties/>
  <testcase name="loginTest()" classname="CSCI5308.GroupFormationTool.Security.LoginControllerTest" time="0.02"/>
  <system-out><![CDATA[
  .   ____          _            __ _ _
 /\\ / ___'_ __ _ _(_)_ __  __ _ \ \ \ \
( ( )\___ | '_ | '_| | '_ \/ _` | \ \ \ \
 \\/  ___)| |_)| | | | | || (_| |  ) ) ) )
  '  |____| .__|_| |_|_| |_\__, | / / / /
 =========|_|==============|___/=/_/_/_/
 :: Spring Boot ::        (v2.2.7.RELEASE)

2020-07-16 13:40:26.974  INFO 41246 --- [    Test worker] C.G.Security.LoginControllerTest         : Starting LoginControllerTest on Prabhjots-MacBook-Pro.local with PID 41246 (started by prabhjotkaur in /Users/prabhjotkaur/git/group22)
2020-07-16 13:40:26.975  INFO 41246 --- [    Test worker] C.G.Security.LoginControllerTest         : No active profile set, falling back to default profiles: default
2020-07-16 13:40:27.300  INFO 41246 --- [    Test worker] C.G.Security.LoginControllerTest         : Started LoginControllerTest in 0.334 seconds (JVM running for 7.035)

MockHttpServletRequest:
      HTTP Method = GET
      Request URI = /login
       Parameters = {}
          Headers = []
             Body = <no character encoding set>
    Session Attrs = {org.springframework.security.web.csrf.HttpSessionCsrfTokenRepository.CSRF_TOKEN=org.springframework.security.web.csrf.DefaultCsrfToken@1a59ec44}

Handler:
             Type = CSCI5308.GroupFormationTool.Security.LoginController
           Method = CSCI5308.GroupFormationTool.Security.LoginController#login(Model)

Async:
    Async started = false
     Async result = null

Resolved Exception:
             Type = null

ModelAndView:
        View name = user/login
             View = null
            Model = null

FlashMap:
       Attributes = null

MockHttpServletResponse:
           Status = 200
    Error message = null
          Headers = [Content-Language:"en", Content-Type:"text/html;charset=UTF-8", X-Content-Type-Options:"nosniff", X-XSS-Protection:"1; mode=block", Cache-Control:"no-cache, no-store, max-age=0, must-revalidate", Pragma:"no-cache", Expires:"0", X-Frame-Options:"DENY"]
     Content type = text/html;charset=UTF-8
             Body = <!DOCTYPE html>
<html lang="en">
<head>
    <meta charset="utf-8"/>
    <meta content="IE=edge" http-equiv="X-UA-Compatible"/>
    <meta content="width=device-width, initial-scale=1" name="viewport"/>
    <link href="favicon.ico" rel="icon"/>
    <title>Login Page</title>
    <link
            crossorigin="anonymous"
            href="//maxcdn.bootstrapcdn.com/bootstrap/3.3.7/css/bootstrap.min.css"
            integrity="sha384-BVYiiSIFeK1dGmJRAkycuHAHRg32OmUcww7on3RYdg4Va+PmSTsz/K68vbdEjh4u"
            rel="stylesheet"/>

</head>
<body style="background-color: #e7ebee">
<div>
    <div class="flex align-items-center text-center">
        <form action="/login" autocomplete="off" class="m-t col-md-4 col-md-offset-4"
              data-toggle="validator" method="post" role="form"><input type="hidden" name="_csrf" value="596fb9d3-e206-41f1-8687-336849805cad"/>

            <br/>
            <h4>Sign in to continue!</h4>

            
            <br>

            

            <div class="form-group input-group has-feedback">
					<span class="input-group-addon"> <span
                            class="glyphicon glyphicon-envelope"></span>
					</span> <input class="form-control" name="username" placeholder="Email Address"
                                   required type="email"/> <span
                    aria-hidden="true" class="glyphicon form-control-feedback"></span>
            </div>

            <br/>
            <div class="form-group input-group has-feedback">
					<span class="input-group-addon"> <span
                            class="glyphicon glyphicon-lock"></span>
					</span> <input class="form-control" name="password" placeholder="Password"
                                   required type="password"/> <span
                    aria-hidden="true" class="glyphicon form-control-feedback"></span>
            </div>


            <div class="text-center">
                <button class="btn btn-primary btn-sm btn-block" type="submit">Login</button>
            </div>
            <br/>
            <div>
                <a class="text-primary" href="/register">Are you a new
                    user? Click here to register!</a>
            </div>
            <br/>
            <div>
                <a class="text-secondary" href="/forgotPassword">Forgot
                    Password?</a>
            </div>
        </form>
    </div>
</div>
</body>
</html>


    Forwarded URL = null
   Redirected URL = null
          Cookies = []
]]></system-out>
  <system-err><![CDATA[]]></system-err>
</testsuite>
