<?xml version="1.0" encoding="UTF-8"?>
<testsuite name="CSCI5308.GroupFormationTool.Course.StudentRepositoryTest" tests="1" skipped="0" failures="0" errors="0" timestamp="2020-07-16T16:40:24" hostname="Prabhjots-MacBook-Pro.local" time="0.001">
  <properties/>
  <testcase name="createStudentTest()" classname="CSCI5308.GroupFormationTool.Course.StudentRepositoryTest" time="0.001"/>
  <system-out><![CDATA[]]></system-out>
  <system-err><![CDATA[]]></system-err>
</testsuite>
