<?xml version="1.0" encoding="UTF-8"?>
<testsuite name="CSCI5308.GroupFormationTool.Model.PolicyTest" tests="8" skipped="0" failures="0" errors="0" timestamp="2020-07-07T17:16:50" hostname="Prabhjots-MacBook-Pro.local" time="0.012">
  <properties/>
  <testcase name="getEnabledTest()" classname="CSCI5308.GroupFormationTool.Model.PolicyTest" time="0.001"/>
  <testcase name="getValueTest()" classname="CSCI5308.GroupFormationTool.Model.PolicyTest" time="0.001"/>
  <testcase name="getSettingTest()" classname="CSCI5308.GroupFormationTool.Model.PolicyTest" time="0.001"/>
  <testcase name="setIdTest()" classname="CSCI5308.GroupFormationTool.Model.PolicyTest" time="0.001"/>
  <testcase name="setEnabledTest()" classname="CSCI5308.GroupFormationTool.Model.PolicyTest" time="0.001"/>
  <testcase name="getIdTest()" classname="CSCI5308.GroupFormationTool.Model.PolicyTest" time="0.001"/>
  <testcase name="setValueTest()" classname="CSCI5308.GroupFormationTool.Model.PolicyTest" time="0.001"/>
  <testcase name="setSettingTest()" classname="CSCI5308.GroupFormationTool.Model.PolicyTest" time="0.002"/>
  <system-out><![CDATA[2020-07-07 14:16:50.500  INFO 21487 --- [    Test worker] .b.t.c.SpringBootTestContextBootstrapper : Neither @ContextConfiguration nor @ContextHierarchy found for test class [CSCI5308.GroupFormationTool.Model.PolicyTest], using SpringBootContextLoader
2020-07-07 14:16:50.500  INFO 21487 --- [    Test worker] o.s.t.c.support.AbstractContextLoader    : Could not detect default resource locations for test class [CSCI5308.GroupFormationTool.Model.PolicyTest]: no resource found for suffixes {-context.xml, Context.groovy}.
2020-07-07 14:16:50.501  INFO 21487 --- [    Test worker] t.c.s.AnnotationConfigContextLoaderUtils : Could not detect default configuration classes for test class [CSCI5308.GroupFormationTool.Model.PolicyTest]: PolicyTest does not declare any static, non-private, non-final, nested classes annotated with @Configuration.
2020-07-07 14:16:50.501  INFO 21487 --- [    Test worker] .b.t.c.SpringBootTestContextBootstrapper : Found @SpringBootConfiguration CSCI5308.GroupFormationTool.GroupFormationToolApplication for test class CSCI5308.GroupFormationTool.Model.PolicyTest
2020-07-07 14:16:50.502  INFO 21487 --- [    Test worker] .b.t.c.SpringBootTestContextBootstrapper : Loaded default TestExecutionListener class names from location [META-INF/spring.factories]: [org.springframework.security.test.context.support.WithSecurityContextTestExecutionListener, org.springframework.security.test.context.support.ReactorContextTestExecutionListener, org.springframework.boot.test.autoconfigure.restdocs.RestDocsTestExecutionListener, org.springframework.boot.test.autoconfigure.web.client.MockRestServiceServerResetTestExecutionListener, org.springframework.boot.test.autoconfigure.web.servlet.MockMvcPrintOnlyOnFailureTestExecutionListener, org.springframework.boot.test.autoconfigure.web.servlet.WebDriverTestExecutionListener, org.springframework.boot.test.mock.mockito.MockitoTestExecutionListener, org.springframework.boot.test.mock.mockito.ResetMocksTestExecutionListener, org.springframework.test.context.web.ServletTestExecutionListener, org.springframework.test.context.support.DirtiesContextBeforeModesTestExecutionListener, org.springframework.test.context.support.DependencyInjectionTestExecutionListener, org.springframework.test.context.support.DirtiesContextTestExecutionListener, org.springframework.test.context.transaction.TransactionalTestExecutionListener, org.springframework.test.context.jdbc.SqlScriptsTestExecutionListener, org.springframework.test.context.event.EventPublishingTestExecutionListener]
2020-07-07 14:16:50.503  INFO 21487 --- [    Test worker] .b.t.c.SpringBootTestContextBootstrapper : Using TestExecutionListeners: [org.springframework.test.context.web.ServletTestExecutionListener@2efb54e3, org.springframework.test.context.support.DirtiesContextBeforeModesTestExecutionListener@4a2e0112, org.springframework.boot.test.mock.mockito.MockitoTestExecutionListener@381b95a0, org.springframework.boot.test.autoconfigure.SpringBootDependencyInjectionTestExecutionListener@18259d54, org.springframework.test.context.support.DirtiesContextTestExecutionListener@6c8d8eff, org.springframework.security.test.context.support.WithSecurityContextTestExecutionListener@569124ed, org.springframework.test.context.event.EventPublishingTestExecutionListener@32c31d0a, org.springframework.security.test.context.support.ReactorContextTestExecutionListener@638e93b, org.springframework.boot.test.autoconfigure.restdocs.RestDocsTestExecutionListener@6426575, org.springframework.boot.test.autoconfigure.web.client.MockRestServiceServerResetTestExecutionListener@59ab8f1c, org.springframework.boot.test.autoconfigure.web.servlet.MockMvcPrintOnlyOnFailureTestExecutionListener@73aaf26e, org.springframework.boot.test.autoconfigure.web.servlet.WebDriverTestExecutionListener@321aac11, org.springframework.boot.test.mock.mockito.ResetMocksTestExecutionListener@27e60eea]
]]></system-out>
  <system-err><![CDATA[]]></system-err>
</testsuite>
