<?xml version="1.0" encoding="UTF-8"?>
<testsuite name="CSCI5308.GroupFormationTool.Model.QuestionTest" tests="14" skipped="0" failures="0" errors="0" timestamp="2020-07-07T17:16:50" hostname="Prabhjots-MacBook-Pro.local" time="0.022">
  <properties/>
  <testcase name="getTitleTest()" classname="CSCI5308.GroupFormationTool.Model.QuestionTest" time="0.002"/>
  <testcase name="setCreatedDateTest()" classname="CSCI5308.GroupFormationTool.Model.QuestionTest" time="0.002"/>
  <testcase name="getChoicesTest()" classname="CSCI5308.GroupFormationTool.Model.QuestionTest" time="0.001"/>
  <testcase name="setTitleTest()" classname="CSCI5308.GroupFormationTool.Model.QuestionTest" time="0.002"/>
  <testcase name="setIdTest()" classname="CSCI5308.GroupFormationTool.Model.QuestionTest" time="0.001"/>
  <testcase name="getIdTest()" classname="CSCI5308.GroupFormationTool.Model.QuestionTest" time="0.001"/>
  <testcase name="setInstructorTest()" classname="CSCI5308.GroupFormationTool.Model.QuestionTest" time="0.001"/>
  <testcase name="setTextTest()" classname="CSCI5308.GroupFormationTool.Model.QuestionTest" time="0.002"/>
  <testcase name="getTextTest()" classname="CSCI5308.GroupFormationTool.Model.QuestionTest" time="0.002"/>
  <testcase name="setTypeTest()" classname="CSCI5308.GroupFormationTool.Model.QuestionTest" time="0.001"/>
  <testcase name="setChoicesTest()" classname="CSCI5308.GroupFormationTool.Model.QuestionTest" time="0.002"/>
  <testcase name="getTypeTest()" classname="CSCI5308.GroupFormationTool.Model.QuestionTest" time="0.001"/>
  <testcase name="getCreatedDateTest()" classname="CSCI5308.GroupFormationTool.Model.QuestionTest" time="0.001"/>
  <testcase name="getInstructorTest()" classname="CSCI5308.GroupFormationTool.Model.QuestionTest" time="0.001"/>
  <system-out><![CDATA[2020-07-07 14:16:50.410  INFO 21487 --- [    Test worker] .b.t.c.SpringBootTestContextBootstrapper : Neither @ContextConfiguration nor @ContextHierarchy found for test class [CSCI5308.GroupFormationTool.Model.QuestionTest], using SpringBootContextLoader
2020-07-07 14:16:50.410  INFO 21487 --- [    Test worker] o.s.t.c.support.AbstractContextLoader    : Could not detect default resource locations for test class [CSCI5308.GroupFormationTool.Model.QuestionTest]: no resource found for suffixes {-context.xml, Context.groovy}.
2020-07-07 14:16:50.410  INFO 21487 --- [    Test worker] t.c.s.AnnotationConfigContextLoaderUtils : Could not detect default configuration classes for test class [CSCI5308.GroupFormationTool.Model.QuestionTest]: QuestionTest does not declare any static, non-private, non-final, nested classes annotated with @Configuration.
2020-07-07 14:16:50.418  INFO 21487 --- [    Test worker] .b.t.c.SpringBootTestContextBootstrapper : Found @SpringBootConfiguration CSCI5308.GroupFormationTool.GroupFormationToolApplication for test class CSCI5308.GroupFormationTool.Model.QuestionTest
2020-07-07 14:16:50.419  INFO 21487 --- [    Test worker] .b.t.c.SpringBootTestContextBootstrapper : Loaded default TestExecutionListener class names from location [META-INF/spring.factories]: [org.springframework.security.test.context.support.WithSecurityContextTestExecutionListener, org.springframework.security.test.context.support.ReactorContextTestExecutionListener, org.springframework.boot.test.autoconfigure.restdocs.RestDocsTestExecutionListener, org.springframework.boot.test.autoconfigure.web.client.MockRestServiceServerResetTestExecutionListener, org.springframework.boot.test.autoconfigure.web.servlet.MockMvcPrintOnlyOnFailureTestExecutionListener, org.springframework.boot.test.autoconfigure.web.servlet.WebDriverTestExecutionListener, org.springframework.boot.test.mock.mockito.MockitoTestExecutionListener, org.springframework.boot.test.mock.mockito.ResetMocksTestExecutionListener, org.springframework.test.context.web.ServletTestExecutionListener, org.springframework.test.context.support.DirtiesContextBeforeModesTestExecutionListener, org.springframework.test.context.support.DependencyInjectionTestExecutionListener, org.springframework.test.context.support.DirtiesContextTestExecutionListener, org.springframework.test.context.transaction.TransactionalTestExecutionListener, org.springframework.test.context.jdbc.SqlScriptsTestExecutionListener, org.springframework.test.context.event.EventPublishingTestExecutionListener]
2020-07-07 14:16:50.420  INFO 21487 --- [    Test worker] .b.t.c.SpringBootTestContextBootstrapper : Using TestExecutionListeners: [org.springframework.test.context.web.ServletTestExecutionListener@58a25887, org.springframework.test.context.support.DirtiesContextBeforeModesTestExecutionListener@756eea14, org.springframework.boot.test.mock.mockito.MockitoTestExecutionListener@31bdef6f, org.springframework.boot.test.autoconfigure.SpringBootDependencyInjectionTestExecutionListener@1889ffdd, org.springframework.test.context.support.DirtiesContextTestExecutionListener@5225fa2b, org.springframework.security.test.context.support.WithSecurityContextTestExecutionListener@50199431, org.springframework.test.context.event.EventPublishingTestExecutionListener@e81dfca, org.springframework.security.test.context.support.ReactorContextTestExecutionListener@59a1aed0, org.springframework.boot.test.autoconfigure.restdocs.RestDocsTestExecutionListener@24a8e36d, org.springframework.boot.test.autoconfigure.web.client.MockRestServiceServerResetTestExecutionListener@380c43d5, org.springframework.boot.test.autoconfigure.web.servlet.MockMvcPrintOnlyOnFailureTestExecutionListener@38f3b491, org.springframework.boot.test.autoconfigure.web.servlet.WebDriverTestExecutionListener@6cf05a71, org.springframework.boot.test.mock.mockito.ResetMocksTestExecutionListener@f206f09]
]]></system-out>
  <system-err><![CDATA[]]></system-err>
</testsuite>
