<?xml version="1.0" encoding="UTF-8"?>
<testsuite name="CSCI5308.GroupFormationTool.Password.ForgotPasswordRepositoryTest" tests="7" skipped="0" failures="0" errors="0" timestamp="2020-07-16T16:40:23" hostname="Prabhjots-MacBook-Pro.local" time="0.532">
  <properties/>
  <testcase name="updatePasswordTest()" classname="CSCI5308.GroupFormationTool.Password.ForgotPasswordRepositoryTest" time="0.513"/>
  <testcase name="getEmailByTokenTest()" classname="CSCI5308.GroupFormationTool.Password.ForgotPasswordRepositoryTest" time="0.003"/>
  <testcase name="addTokenTest()" classname="CSCI5308.GroupFormationTool.Password.ForgotPasswordRepositoryTest" time="0.003"/>
  <testcase name="getTokenTest()" classname="CSCI5308.GroupFormationTool.Password.ForgotPasswordRepositoryTest" time="0.002"/>
  <testcase name="deleteTokenTest()" classname="CSCI5308.GroupFormationTool.Password.ForgotPasswordRepositoryTest" time="0.003"/>
  <testcase name="getUserIdTest()" classname="CSCI5308.GroupFormationTool.Password.ForgotPasswordRepositoryTest" time="0.002"/>
  <testcase name="updateTokenTest()" classname="CSCI5308.GroupFormationTool.Password.ForgotPasswordRepositoryTest" time="0.002"/>
  <system-out><![CDATA[13:40:21.107 [Test worker] DEBUG org.springframework.test.context.BootstrapUtils - Instantiating CacheAwareContextLoaderDelegate from class [org.springframework.test.context.cache.DefaultCacheAwareContextLoaderDelegate]
13:40:21.120 [Test worker] DEBUG org.springframework.test.context.BootstrapUtils - Instantiating BootstrapContext using constructor [public org.springframework.test.context.support.DefaultBootstrapContext(java.lang.Class,org.springframework.test.context.CacheAwareContextLoaderDelegate)]
13:40:21.146 [Test worker] DEBUG org.springframework.test.context.BootstrapUtils - Instantiating TestContextBootstrapper for test class [CSCI5308.GroupFormationTool.Password.ForgotPasswordRepositoryTest] from class [org.springframework.boot.test.context.SpringBootTestContextBootstrapper]
13:40:21.162 [Test worker] INFO org.springframework.boot.test.context.SpringBootTestContextBootstrapper - Neither @ContextConfiguration nor @ContextHierarchy found for test class [CSCI5308.GroupFormationTool.Password.ForgotPasswordRepositoryTest], using SpringBootContextLoader
13:40:21.165 [Test worker] DEBUG org.springframework.test.context.support.AbstractContextLoader - Did not detect default resource location for test class [CSCI5308.GroupFormationTool.Password.ForgotPasswordRepositoryTest]: class path resource [CSCI5308/GroupFormationTool/Password/ForgotPasswordRepositoryTest-context.xml] does not exist
13:40:21.165 [Test worker] DEBUG org.springframework.test.context.support.AbstractContextLoader - Did not detect default resource location for test class [CSCI5308.GroupFormationTool.Password.ForgotPasswordRepositoryTest]: class path resource [CSCI5308/GroupFormationTool/Password/ForgotPasswordRepositoryTestContext.groovy] does not exist
13:40:21.165 [Test worker] INFO org.springframework.test.context.support.AbstractContextLoader - Could not detect default resource locations for test class [CSCI5308.GroupFormationTool.Password.ForgotPasswordRepositoryTest]: no resource found for suffixes {-context.xml, Context.groovy}.
13:40:21.166 [Test worker] INFO org.springframework.test.context.support.AnnotationConfigContextLoaderUtils - Could not detect default configuration classes for test class [CSCI5308.GroupFormationTool.Password.ForgotPasswordRepositoryTest]: ForgotPasswordRepositoryTest does not declare any static, non-private, non-final, nested classes annotated with @Configuration.
13:40:21.203 [Test worker] DEBUG org.springframework.test.context.support.ActiveProfilesUtils - Could not find an 'annotation declaring class' for annotation type [org.springframework.test.context.ActiveProfiles] and class [CSCI5308.GroupFormationTool.Password.ForgotPasswordRepositoryTest]
13:40:21.265 [Test worker] DEBUG org.springframework.context.annotation.ClassPathScanningCandidateComponentProvider - Identified candidate component class: file [/Users/prabhjotkaur/git/group22/build/classes/java/main/CSCI5308/GroupFormationTool/GroupFormationToolApplication.class]
13:40:21.266 [Test worker] INFO org.springframework.boot.test.context.SpringBootTestContextBootstrapper - Found @SpringBootConfiguration CSCI5308.GroupFormationTool.GroupFormationToolApplication for test class CSCI5308.GroupFormationTool.Password.ForgotPasswordRepositoryTest
13:40:21.340 [Test worker] DEBUG org.springframework.boot.test.context.SpringBootTestContextBootstrapper - @TestExecutionListeners is not present for class [CSCI5308.GroupFormationTool.Password.ForgotPasswordRepositoryTest]: using defaults.
13:40:21.341 [Test worker] INFO org.springframework.boot.test.context.SpringBootTestContextBootstrapper - Loaded default TestExecutionListener class names from location [META-INF/spring.factories]: [org.springframework.security.test.context.support.WithSecurityContextTestExecutionListener, org.springframework.security.test.context.support.ReactorContextTestExecutionListener, org.springframework.boot.test.autoconfigure.restdocs.RestDocsTestExecutionListener, org.springframework.boot.test.autoconfigure.web.client.MockRestServiceServerResetTestExecutionListener, org.springframework.boot.test.autoconfigure.web.servlet.MockMvcPrintOnlyOnFailureTestExecutionListener, org.springframework.boot.test.autoconfigure.web.servlet.WebDriverTestExecutionListener, org.springframework.boot.test.mock.mockito.MockitoTestExecutionListener, org.springframework.boot.test.mock.mockito.ResetMocksTestExecutionListener, org.springframework.test.context.web.ServletTestExecutionListener, org.springframework.test.context.support.DirtiesContextBeforeModesTestExecutionListener, org.springframework.test.context.support.DependencyInjectionTestExecutionListener, org.springframework.test.context.support.DirtiesContextTestExecutionListener, org.springframework.test.context.transaction.TransactionalTestExecutionListener, org.springframework.test.context.jdbc.SqlScriptsTestExecutionListener, org.springframework.test.context.event.EventPublishingTestExecutionListener]
13:40:21.355 [Test worker] DEBUG org.springframework.boot.test.context.SpringBootTestContextBootstrapper - Skipping candidate TestExecutionListener [org.springframework.test.context.transaction.TransactionalTestExecutionListener] due to a missing dependency. Specify custom listener classes or make the default listener classes and their required dependencies available. Offending class: [org/springframework/transaction/interceptor/TransactionAttributeSource]
13:40:21.355 [Test worker] DEBUG org.springframework.boot.test.context.SpringBootTestContextBootstrapper - Skipping candidate TestExecutionListener [org.springframework.test.context.jdbc.SqlScriptsTestExecutionListener] due to a missing dependency. Specify custom listener classes or make the default listener classes and their required dependencies available. Offending class: [org/springframework/transaction/interceptor/TransactionAttribute]
13:40:21.356 [Test worker] INFO org.springframework.boot.test.context.SpringBootTestContextBootstrapper - Using TestExecutionListeners: [org.springframework.test.context.web.ServletTestExecutionListener@267e7de6, org.springframework.test.context.support.DirtiesContextBeforeModesTestExecutionListener@1d91206d, org.springframework.boot.test.mock.mockito.MockitoTestExecutionListener@d63c9d6, org.springframework.boot.test.autoconfigure.SpringBootDependencyInjectionTestExecutionListener@649f5ecc, org.springframework.test.context.support.DirtiesContextTestExecutionListener@315b9ef4, org.springframework.security.test.context.support.WithSecurityContextTestExecutionListener@255d52fa, org.springframework.test.context.event.EventPublishingTestExecutionListener@366302fe, org.springframework.security.test.context.support.ReactorContextTestExecutionListener@281453c0, org.springframework.boot.test.autoconfigure.restdocs.RestDocsTestExecutionListener@45d5c408, org.springframework.boot.test.autoconfigure.web.client.MockRestServiceServerResetTestExecutionListener@ad084ca, org.springframework.boot.test.autoconfigure.web.servlet.MockMvcPrintOnlyOnFailureTestExecutionListener@248a139c, org.springframework.boot.test.autoconfigure.web.servlet.WebDriverTestExecutionListener@2e8ade9e, org.springframework.boot.test.mock.mockito.ResetMocksTestExecutionListener@4594aac3]
13:40:21.359 [Test worker] DEBUG org.springframework.test.context.support.AbstractDirtiesContextTestExecutionListener - Before test class: context [DefaultTestContext@2ad244ad testClass = ForgotPasswordRepositoryTest, testInstance = [null], testMethod = [null], testException = [null], mergedContextConfiguration = [WebMergedContextConfiguration@3a39d27d testClass = ForgotPasswordRepositoryTest, locations = '{}', classes = '{class CSCI5308.GroupFormationTool.GroupFormationToolApplication}', contextInitializerClasses = '[]', activeProfiles = '{}', propertySourceLocations = '{}', propertySourceProperties = '{org.springframework.boot.test.context.SpringBootTestContextBootstrapper=true}', contextCustomizers = set[org.springframework.boot.test.autoconfigure.properties.PropertyMappingContextCustomizer@0, org.springframework.boot.test.autoconfigure.web.servlet.WebDriverContextCustomizerFactory$Customizer@3536b59, org.springframework.boot.test.context.filter.ExcludeFilterContextCustomizer@3fb02547, org.springframework.boot.test.json.DuplicateJsonObjectContextCustomizerFactory$DuplicateJsonObjectContextCustomizer@6178f710, org.springframework.boot.test.mock.mockito.MockitoContextCustomizer@0, org.springframework.boot.test.web.client.TestRestTemplateContextCustomizer@6c2d0fd8, org.springframework.boot.test.context.SpringBootTestArgs@1], resourceBasePath = 'src/main/webapp', contextLoader = 'org.springframework.boot.test.context.SpringBootContextLoader', parent = [null]], attributes = map['org.springframework.test.context.web.ServletTestExecutionListener.activateListener' -> true]], class annotated with @DirtiesContext [false] with mode [null].
13:40:21.390 [Test worker] DEBUG org.springframework.test.context.support.TestPropertySourceUtils - Adding inlined properties to environment: {spring.jmx.enabled=false, org.springframework.boot.test.context.SpringBootTestContextBootstrapper=true, server.port=-1}
LOGBACK: No context given for c.q.l.core.rolling.SizeAndTimeBasedRollingPolicy@366630830

  .   ____          _            __ _ _
 /\\ / ___'_ __ _ _(_)_ __  __ _ \ \ \ \
( ( )\___ | '_ | '_| | '_ \/ _` | \ \ \ \
 \\/  ___)| |_)| | | | | || (_| |  ) ) ) )
  '  |____| .__|_| |_|_| |_\__, | / / / /
 =========|_|==============|___/=/_/_/_/
 :: Spring Boot ::        (v2.2.7.RELEASE)

2020-07-16 13:40:21.673  INFO 41246 --- [    Test worker] C.G.P.ForgotPasswordRepositoryTest       : Starting ForgotPasswordRepositoryTest on Prabhjots-MacBook-Pro.local with PID 41246 (started by prabhjotkaur in /Users/prabhjotkaur/git/group22)
2020-07-16 13:40:21.675  INFO 41246 --- [    Test worker] C.G.P.ForgotPasswordRepositoryTest       : No active profile set, falling back to default profiles: default
2020-07-16 13:40:23.338  INFO 41246 --- [    Test worker] C.G.P.ForgotPasswordRepositoryTest       : Started ForgotPasswordRepositoryTest in 1.934 seconds (JVM running for 3.074)
]]></system-out>
  <system-err><![CDATA[]]></system-err>
</testsuite>
